SF:C:\Users\porge\OneDrive\Documents\mdf\gedcom\src\encodings.rs
FN:15,_RNvXNtCscmLdlanZRvV_6gedcom9encodingsNtB2_14GEDCOMEncodingNtNtCsalHcryTVEJB_4core3fmt7Display3fmt
FN:27,_RNvXs7_NtCscmLdlanZRvV_6gedcom9encodingsNtB5_24MissingRequiredSubrecordNtNtCsalHcryTVEJB_4core3fmt7Display3fmt
FN:27,_RNvXs8_NtCscmLdlanZRvV_6gedcom9encodingsNtB5_24MissingRequiredSubrecordNtNtCsiy8hXAumaA3_6miette8protocol10Diagnostic6labels
FN:27,_RNCNvXs8_NtCscmLdlanZRvV_6gedcom9encodingsNtB7_24MissingRequiredSubrecordNtNtCsiy8hXAumaA3_6miette8protocol10Diagnostic6labels0B9_
FN:42,_RNvXsa_NtCscmLdlanZRvV_6gedcom9encodingsNtB5_9DataErrorNtNtCsalHcryTVEJB_4core5error5Error6source
FN:42,_RNvXsb_NtCscmLdlanZRvV_6gedcom9encodingsNtB5_9DataErrorNtNtCsalHcryTVEJB_4core3fmt7Display3fmt
FN:42,_RNvXsc_NtCscmLdlanZRvV_6gedcom9encodingsNtB5_9DataErrorNtNtCsiy8hXAumaA3_6miette8protocol10Diagnostic4code
FN:42,_RNvXsc_NtCscmLdlanZRvV_6gedcom9encodingsNtB5_9DataErrorNtNtCsiy8hXAumaA3_6miette8protocol10Diagnostic6labels
FN:42,_RNCNvXsc_NtCscmLdlanZRvV_6gedcom9encodingsNtB7_9DataErrorNtNtCsiy8hXAumaA3_6miette8protocol10Diagnostic6labels0B9_
FN:42,_RNCNvXsc_NtCscmLdlanZRvV_6gedcom9encodingsNtB7_9DataErrorNtNtCsiy8hXAumaA3_6miette8protocol10Diagnostic6labelss_0B9_
FN:71,_RNvMs_NtCscmLdlanZRvV_6gedcom9encodingsNtB4_9DataError9to_static
FN:99,_RNvXsf_NtCscmLdlanZRvV_6gedcom9encodingsNtB5_21InvalidGEDCOMEncodingNtNtCsalHcryTVEJB_4core3fmt7Display3fmt
FN:103,_RNvNtCscmLdlanZRvV_6gedcom9encodings18parse_encoding_raw
FN:15,_RNvXNtCs94xiAUca6ke_6gedcom9encodingsNtB2_14GEDCOMEncodingNtNtCsalHcryTVEJB_4core3fmt7Display3fmt
FN:71,_RNvMs_NtCs94xiAUca6ke_6gedcom9encodingsNtB4_9DataError9to_static
FN:103,_RNvNtCs94xiAUca6ke_6gedcom9encodings18parse_encoding_raw
FN:27,_RNvXs7_NtCs94xiAUca6ke_6gedcom9encodingsNtB5_24MissingRequiredSubrecordNtNtCsalHcryTVEJB_4core3fmt7Display3fmt
FN:27,_RNvXs8_NtCs94xiAUca6ke_6gedcom9encodingsNtB5_24MissingRequiredSubrecordNtNtCsiy8hXAumaA3_6miette8protocol10Diagnostic6labels
FN:42,_RNvXsa_NtCs94xiAUca6ke_6gedcom9encodingsNtB5_9DataErrorNtNtCsalHcryTVEJB_4core5error5Error6source
FN:42,_RNvXsb_NtCs94xiAUca6ke_6gedcom9encodingsNtB5_9DataErrorNtNtCsalHcryTVEJB_4core3fmt7Display3fmt
FN:42,_RNvXsc_NtCs94xiAUca6ke_6gedcom9encodingsNtB5_9DataErrorNtNtCsiy8hXAumaA3_6miette8protocol10Diagnostic4code
FN:42,_RNvXsc_NtCs94xiAUca6ke_6gedcom9encodingsNtB5_9DataErrorNtNtCsiy8hXAumaA3_6miette8protocol10Diagnostic6labels
FN:99,_RNvXsf_NtCs94xiAUca6ke_6gedcom9encodingsNtB5_21InvalidGEDCOMEncodingNtNtCsalHcryTVEJB_4core3fmt7Display3fmt
FN:27,_RNCNvXs8_NtCs94xiAUca6ke_6gedcom9encodingsNtB7_24MissingRequiredSubrecordNtNtCsiy8hXAumaA3_6miette8protocol10Diagnostic6labels0B9_
FN:42,_RNCNvXsc_NtCs94xiAUca6ke_6gedcom9encodingsNtB7_9DataErrorNtNtCsiy8hXAumaA3_6miette8protocol10Diagnostic6labels0B9_
FN:42,_RNCNvXsc_NtCs94xiAUca6ke_6gedcom9encodingsNtB7_9DataErrorNtNtCsiy8hXAumaA3_6miette8protocol10Diagnostic6labelss_0B9_
FNDA:0,_RNvXNtCscmLdlanZRvV_6gedcom9encodingsNtB2_14GEDCOMEncodingNtNtCsalHcryTVEJB_4core3fmt7Display3fmt
FNDA:0,_RNvXs7_NtCscmLdlanZRvV_6gedcom9encodingsNtB5_24MissingRequiredSubrecordNtNtCsalHcryTVEJB_4core3fmt7Display3fmt
FNDA:0,_RNvXs8_NtCscmLdlanZRvV_6gedcom9encodingsNtB5_24MissingRequiredSubrecordNtNtCsiy8hXAumaA3_6miette8protocol10Diagnostic6labels
FNDA:0,_RNCNvXs8_NtCscmLdlanZRvV_6gedcom9encodingsNtB7_24MissingRequiredSubrecordNtNtCsiy8hXAumaA3_6miette8protocol10Diagnostic6labels0B9_
FNDA:0,_RNvXsa_NtCscmLdlanZRvV_6gedcom9encodingsNtB5_9DataErrorNtNtCsalHcryTVEJB_4core5error5Error6source
FNDA:0,_RNvXsb_NtCscmLdlanZRvV_6gedcom9encodingsNtB5_9DataErrorNtNtCsalHcryTVEJB_4core3fmt7Display3fmt
FNDA:0,_RNvXsc_NtCscmLdlanZRvV_6gedcom9encodingsNtB5_9DataErrorNtNtCsiy8hXAumaA3_6miette8protocol10Diagnostic4code
FNDA:0,_RNvXsc_NtCscmLdlanZRvV_6gedcom9encodingsNtB5_9DataErrorNtNtCsiy8hXAumaA3_6miette8protocol10Diagnostic6labels
FNDA:0,_RNCNvXsc_NtCscmLdlanZRvV_6gedcom9encodingsNtB7_9DataErrorNtNtCsiy8hXAumaA3_6miette8protocol10Diagnostic6labels0B9_
FNDA:0,_RNCNvXsc_NtCscmLdlanZRvV_6gedcom9encodingsNtB7_9DataErrorNtNtCsiy8hXAumaA3_6miette8protocol10Diagnostic6labelss_0B9_
FNDA:0,_RNvMs_NtCscmLdlanZRvV_6gedcom9encodingsNtB4_9DataError9to_static
FNDA:0,_RNvXsf_NtCscmLdlanZRvV_6gedcom9encodingsNtB5_21InvalidGEDCOMEncodingNtNtCsalHcryTVEJB_4core3fmt7Display3fmt
FNDA:0,_RNvNtCscmLdlanZRvV_6gedcom9encodings18parse_encoding_raw
FNDA:0,_RNvXNtCs94xiAUca6ke_6gedcom9encodingsNtB2_14GEDCOMEncodingNtNtCsalHcryTVEJB_4core3fmt7Display3fmt
FNDA:0,_RNvMs_NtCs94xiAUca6ke_6gedcom9encodingsNtB4_9DataError9to_static
FNDA:23,_RNvNtCs94xiAUca6ke_6gedcom9encodings18parse_encoding_raw
FNDA:0,_RNvXs7_NtCs94xiAUca6ke_6gedcom9encodingsNtB5_24MissingRequiredSubrecordNtNtCsalHcryTVEJB_4core3fmt7Display3fmt
FNDA:0,_RNvXs8_NtCs94xiAUca6ke_6gedcom9encodingsNtB5_24MissingRequiredSubrecordNtNtCsiy8hXAumaA3_6miette8protocol10Diagnostic6labels
FNDA:0,_RNvXsa_NtCs94xiAUca6ke_6gedcom9encodingsNtB5_9DataErrorNtNtCsalHcryTVEJB_4core5error5Error6source
FNDA:0,_RNvXsb_NtCs94xiAUca6ke_6gedcom9encodingsNtB5_9DataErrorNtNtCsalHcryTVEJB_4core3fmt7Display3fmt
FNDA:0,_RNvXsc_NtCs94xiAUca6ke_6gedcom9encodingsNtB5_9DataErrorNtNtCsiy8hXAumaA3_6miette8protocol10Diagnostic4code
FNDA:0,_RNvXsc_NtCs94xiAUca6ke_6gedcom9encodingsNtB5_9DataErrorNtNtCsiy8hXAumaA3_6miette8protocol10Diagnostic6labels
FNDA:0,_RNvXsf_NtCs94xiAUca6ke_6gedcom9encodingsNtB5_21InvalidGEDCOMEncodingNtNtCsalHcryTVEJB_4core3fmt7Display3fmt
FNDA:0,_RNCNvXs8_NtCs94xiAUca6ke_6gedcom9encodingsNtB7_24MissingRequiredSubrecordNtNtCsiy8hXAumaA3_6miette8protocol10Diagnostic6labels0B9_
FNDA:0,_RNCNvXsc_NtCs94xiAUca6ke_6gedcom9encodingsNtB7_9DataErrorNtNtCsiy8hXAumaA3_6miette8protocol10Diagnostic6labels0B9_
FNDA:0,_RNCNvXsc_NtCs94xiAUca6ke_6gedcom9encodingsNtB7_9DataErrorNtNtCsiy8hXAumaA3_6miette8protocol10Diagnostic6labelss_0B9_
FNF:8
FNH:1
DA:15,0
DA:16,0
DA:17,0
DA:18,0
DA:19,0
DA:20,0
DA:23,0
DA:24,0
DA:27,0
DA:42,0
DA:71,0
DA:72,0
DA:74,0
DA:75,0
DA:76,0
DA:77,0
DA:78,0
DA:79,0
DA:80,0
DA:81,0
DA:82,0
DA:83,0
DA:84,0
DA:85,0
DA:87,0
DA:88,0
DA:89,0
DA:90,0
DA:91,0
DA:92,0
DA:93,0
DA:94,0
DA:96,0
DA:99,0
DA:103,23
DA:104,23
DA:105,23
DA:106,5
DA:107,2
DA:108,4
DA:109,2
DA:111,23
BRF:0
BRH:0
LF:44
LH:8
end_of_record
SF:C:\Users\porge\OneDrive\Documents\mdf\gedcom\src\highlighting.rs
FN:6,_RNvXNtCscmLdlanZRvV_6gedcom12highlightingNtB2_17GEDCOMHighlighterNtNtCsiy8hXAumaA3_6miette12highlighters11Highlighter23start_highlighter_state
FN:17,_RNvXs_NtCscmLdlanZRvV_6gedcom12highlightingNtB4_22GEDCOMHighlighterStateNtNtCsiy8hXAumaA3_6miette12highlighters16HighlighterState14highlight_line
FN:25,_RNCNvXs_NtCscmLdlanZRvV_6gedcom12highlightingNtB6_22GEDCOMHighlighterStateNtNtCsiy8hXAumaA3_6miette12highlighters16HighlighterState14highlight_line0B8_
FN:27,_RNCNvXs_NtCscmLdlanZRvV_6gedcom12highlightingNtB6_22GEDCOMHighlighterStateNtNtCsiy8hXAumaA3_6miette12highlighters16HighlighterState14highlight_lines_0B8_
FN:28,_RNCNCNvXs_NtCscmLdlanZRvV_6gedcom12highlightingNtB8_22GEDCOMHighlighterStateNtNtCsiy8hXAumaA3_6miette12highlighters16HighlighterState14highlight_lines_00Ba_
FN:25,_RNCNvXs_NtCs94xiAUca6ke_6gedcom12highlightingNtB6_22GEDCOMHighlighterStateNtNtCsiy8hXAumaA3_6miette12highlighters16HighlighterState14highlight_line0B8_
FN:27,_RNCNvXs_NtCs94xiAUca6ke_6gedcom12highlightingNtB6_22GEDCOMHighlighterStateNtNtCsiy8hXAumaA3_6miette12highlighters16HighlighterState14highlight_lines_0B8_
FN:28,_RNCNCNvXs_NtCs94xiAUca6ke_6gedcom12highlightingNtB8_22GEDCOMHighlighterStateNtNtCsiy8hXAumaA3_6miette12highlighters16HighlighterState14highlight_lines_00Ba_
FNDA:0,_RNvXNtCscmLdlanZRvV_6gedcom12highlightingNtB2_17GEDCOMHighlighterNtNtCsiy8hXAumaA3_6miette12highlighters11Highlighter23start_highlighter_state
FNDA:0,_RNvXs_NtCscmLdlanZRvV_6gedcom12highlightingNtB4_22GEDCOMHighlighterStateNtNtCsiy8hXAumaA3_6miette12highlighters16HighlighterState14highlight_line
FNDA:0,_RNCNvXs_NtCscmLdlanZRvV_6gedcom12highlightingNtB6_22GEDCOMHighlighterStateNtNtCsiy8hXAumaA3_6miette12highlighters16HighlighterState14highlight_line0B8_
FNDA:0,_RNCNvXs_NtCscmLdlanZRvV_6gedcom12highlightingNtB6_22GEDCOMHighlighterStateNtNtCsiy8hXAumaA3_6miette12highlighters16HighlighterState14highlight_lines_0B8_
FNDA:0,_RNCNCNvXs_NtCscmLdlanZRvV_6gedcom12highlightingNtB8_22GEDCOMHighlighterStateNtNtCsiy8hXAumaA3_6miette12highlighters16HighlighterState14highlight_lines_00Ba_
FNDA:0,_RNCNvXs_NtCs94xiAUca6ke_6gedcom12highlightingNtB6_22GEDCOMHighlighterStateNtNtCsiy8hXAumaA3_6miette12highlighters16HighlighterState14highlight_line0B8_
FNDA:0,_RNCNvXs_NtCs94xiAUca6ke_6gedcom12highlightingNtB6_22GEDCOMHighlighterStateNtNtCsiy8hXAumaA3_6miette12highlighters16HighlighterState14highlight_lines_0B8_
FNDA:0,_RNCNCNvXs_NtCs94xiAUca6ke_6gedcom12highlightingNtB8_22GEDCOMHighlighterStateNtNtCsiy8hXAumaA3_6miette12highlighters16HighlighterState14highlight_lines_00Ba_
FNF:5
FNH:0
DA:6,0
DA:7,0
DA:8,0
DA:9,0
DA:10,0
DA:11,0
DA:17,0
DA:18,0
DA:19,0
DA:20,0
DA:21,0
DA:22,0
DA:23,0
DA:24,0
DA:25,0
DA:27,0
DA:28,0
DA:29,0
DA:31,0
DA:33,0
DA:35,0
DA:36,0
DA:37,0
DA:38,0
DA:39,0
DA:41,0
DA:42,0
DA:43,0
DA:44,0
DA:45,0
DA:46,0
DA:47,0
DA:48,0
DA:49,0
DA:52,0
DA:53,0
DA:54,0
DA:55,0
DA:56,0
DA:57,0
DA:58,0
DA:62,0
DA:63,0
DA:64,0
DA:65,0
DA:66,0
DA:67,0
DA:68,0
DA:70,0
DA:72,0
DA:75,0
DA:79,0
DA:81,0
BRF:0
BRH:0
LF:56
LH:0
end_of_record
SF:C:\Users\porge\OneDrive\Documents\mdf\gedcom\src\lib.rs
FN:16,_RNvXsl_CscmLdlanZRvV_6gedcomNtB5_11GedcomErrorNtNtCsalHcryTVEJB_4core5error5Error6source
FN:16,_RNvXsm_CscmLdlanZRvV_6gedcomNtB5_11GedcomErrorNtNtCsalHcryTVEJB_4core3fmt7Display3fmt
FN:16,_RNvXsn_CscmLdlanZRvV_6gedcomNtB5_11GedcomErrorINtNtCsalHcryTVEJB_4core7convert4FromNtB5_15LineSyntaxErrorE4from
FN:16,_RNvXso_CscmLdlanZRvV_6gedcomNtB5_11GedcomErrorINtNtCsalHcryTVEJB_4core7convert4FromNtB5_18LineStructureErrorE4from
FN:16,_RNvXsp_CscmLdlanZRvV_6gedcomNtB5_11GedcomErrorINtNtCsalHcryTVEJB_4core7convert4FromNtB5_11SchemaErrorE4from
FN:16,_RNvXsr_CscmLdlanZRvV_6gedcomNtB5_11GedcomErrorNtNtCsiy8hXAumaA3_6miette8protocol10Diagnostic4code
FN:16,_RNvXsr_CscmLdlanZRvV_6gedcomNtB5_11GedcomErrorNtNtCsiy8hXAumaA3_6miette8protocol10Diagnostic4help
FN:16,_RNvXsr_CscmLdlanZRvV_6gedcomNtB5_11GedcomErrorNtNtCsiy8hXAumaA3_6miette8protocol10Diagnostic8severity
FN:16,_RNvXsr_CscmLdlanZRvV_6gedcomNtB5_11GedcomErrorNtNtCsiy8hXAumaA3_6miette8protocol10Diagnostic6labels
FN:16,_RNvXsr_CscmLdlanZRvV_6gedcomNtB5_11GedcomErrorNtNtCsiy8hXAumaA3_6miette8protocol10Diagnostic11source_code
FN:16,_RNvXsr_CscmLdlanZRvV_6gedcomNtB5_11GedcomErrorNtNtCsiy8hXAumaA3_6miette8protocol10Diagnostic7related
FN:16,_RNvXsr_CscmLdlanZRvV_6gedcomNtB5_11GedcomErrorNtNtCsiy8hXAumaA3_6miette8protocol10Diagnostic3url
FN:16,_RNvXsr_CscmLdlanZRvV_6gedcomNtB5_11GedcomErrorNtNtCsiy8hXAumaA3_6miette8protocol10Diagnostic17diagnostic_source
FN:31,_RNvXst_CscmLdlanZRvV_6gedcomNtB5_15ValidationErrorNtNtCsalHcryTVEJB_4core3fmt7Display3fmt
FN:31,_RNvXsv_CscmLdlanZRvV_6gedcomNtB5_15ValidationErrorNtNtCsiy8hXAumaA3_6miette8protocol10Diagnostic7related
FN:31,_RNCNvXsv_CscmLdlanZRvV_6gedcomNtB7_15ValidationErrorNtNtCsiy8hXAumaA3_6miette8protocol10Diagnostic7related0B7_
FN:41,_RNvXCscmLdlanZRvV_6gedcomNtB2_11GedcomErrorINtNtCsalHcryTVEJB_4core7convert4FromNtBI_10InfallibleE4from
FN:46,_RNvXsw_CscmLdlanZRvV_6gedcomNtB5_15LineSyntaxErrorNtNtCsalHcryTVEJB_4core5error5Error6source
FN:46,_RNvXsx_CscmLdlanZRvV_6gedcomNtB5_15LineSyntaxErrorNtNtCsalHcryTVEJB_4core3fmt7Display3fmt
FN:46,_RNvXsz_CscmLdlanZRvV_6gedcomNtB5_15LineSyntaxErrorNtNtCsiy8hXAumaA3_6miette8protocol10Diagnostic4code
FN:46,_RNvXsz_CscmLdlanZRvV_6gedcomNtB5_15LineSyntaxErrorNtNtCsiy8hXAumaA3_6miette8protocol10Diagnostic4help
FN:46,_RNvXsz_CscmLdlanZRvV_6gedcomNtB5_15LineSyntaxErrorNtNtCsiy8hXAumaA3_6miette8protocol10Diagnostic6labels
FN:46,_RNCNvXsz_CscmLdlanZRvV_6gedcomNtB7_15LineSyntaxErrorNtNtCsiy8hXAumaA3_6miette8protocol10Diagnostic6labels0B7_
FN:46,_RNCNvXsz_CscmLdlanZRvV_6gedcomNtB7_15LineSyntaxErrorNtNtCsiy8hXAumaA3_6miette8protocol10Diagnostic6labelss_0B7_
FN:46,_RNCNvXsz_CscmLdlanZRvV_6gedcomNtB7_15LineSyntaxErrorNtNtCsiy8hXAumaA3_6miette8protocol10Diagnostic6labelss0_0B7_
FN:46,_RNCNvXsz_CscmLdlanZRvV_6gedcomNtB7_15LineSyntaxErrorNtNtCsiy8hXAumaA3_6miette8protocol10Diagnostic6labelss1_0B7_
FN:90,_RNvXsB_CscmLdlanZRvV_6gedcomNtB5_18LineStructureErrorNtNtCsalHcryTVEJB_4core3fmt7Display3fmt
FN:90,_RNvXsD_CscmLdlanZRvV_6gedcomNtB5_18LineStructureErrorNtNtCsiy8hXAumaA3_6miette8protocol10Diagnostic4code
FN:90,_RNvXsD_CscmLdlanZRvV_6gedcomNtB5_18LineStructureErrorNtNtCsiy8hXAumaA3_6miette8protocol10Diagnostic6labels
FN:90,_RNCNvXsD_CscmLdlanZRvV_6gedcomNtB7_18LineStructureErrorNtNtCsiy8hXAumaA3_6miette8protocol10Diagnostic6labels0B7_
FN:159,_RNvXs_CscmLdlanZRvV_6gedcomNtB4_17SupportedEncodingNtNtCsalHcryTVEJB_4core3fmt7Display3fmt
FN:179,_RNvMs0_CscmLdlanZRvV_6gedcomNtB5_16DetectedEncoding6decode
FN:191,_RNCNvMs0_CscmLdlanZRvV_6gedcomNtB7_16DetectedEncoding6decode0B7_
FN:203,_RNCNvMs0_CscmLdlanZRvV_6gedcomNtB7_16DetectedEncoding6decodes_0B7_
FN:211,_RNCNvMs0_CscmLdlanZRvV_6gedcomNtB7_16DetectedEncoding6decodes0_0B7_
FN:251,_RNvXsM_CscmLdlanZRvV_6gedcomNtB5_8AnselErrNtNtCsalHcryTVEJB_4core3fmt7Display3fmt
FN:264,_RNvMs1_CscmLdlanZRvV_6gedcomNtB5_8AnselErr6offset
FN:273,_RNvCscmLdlanZRvV_6gedcom12decode_ansel
FN:437,_RNvXsR_CscmLdlanZRvV_6gedcomNtB5_14EncodingReasonNtNtCsalHcryTVEJB_4core3fmt7Display3fmt
FN:437,_RNvXsT_CscmLdlanZRvV_6gedcomNtB5_14EncodingReasonNtNtCsiy8hXAumaA3_6miette8protocol10Diagnostic4code
FN:437,_RNvXsT_CscmLdlanZRvV_6gedcomNtB5_14EncodingReasonNtNtCsiy8hXAumaA3_6miette8protocol10Diagnostic8severity
FN:437,_RNvXsT_CscmLdlanZRvV_6gedcomNtB5_14EncodingReasonNtNtCsiy8hXAumaA3_6miette8protocol10Diagnostic6labels
FN:437,_RNCNvXsT_CscmLdlanZRvV_6gedcomNtB7_14EncodingReasonNtNtCsiy8hXAumaA3_6miette8protocol10Diagnostic6labels0B7_
FN:437,_RNCNvXsT_CscmLdlanZRvV_6gedcomNtB7_14EncodingReasonNtNtCsiy8hXAumaA3_6miette8protocol10Diagnostic6labelss_0B7_
FN:468,_RNvXsW_CscmLdlanZRvV_6gedcomNtB5_13EncodingErrorNtNtCsalHcryTVEJB_4core5error5Error6source
FN:468,_RNvXsX_CscmLdlanZRvV_6gedcomNtB5_13EncodingErrorNtNtCsalHcryTVEJB_4core3fmt7Display3fmt
FN:468,_RNvXsZ_CscmLdlanZRvV_6gedcomNtB5_13EncodingErrorNtNtCsiy8hXAumaA3_6miette8protocol10Diagnostic4code
FN:468,_RNvXsZ_CscmLdlanZRvV_6gedcomNtB5_13EncodingErrorNtNtCsiy8hXAumaA3_6miette8protocol10Diagnostic4help
FN:468,_RNvXsZ_CscmLdlanZRvV_6gedcomNtB5_13EncodingErrorNtNtCsiy8hXAumaA3_6miette8protocol10Diagnostic6labels
FN:468,_RNCNvXsZ_CscmLdlanZRvV_6gedcomNtB7_13EncodingErrorNtNtCsiy8hXAumaA3_6miette8protocol10Diagnostic6labels0B7_
FN:468,_RNCNvXsZ_CscmLdlanZRvV_6gedcomNtB7_13EncodingErrorNtNtCsiy8hXAumaA3_6miette8protocol10Diagnostic6labelss_0B7_
FN:468,_RNvXsZ_CscmLdlanZRvV_6gedcomNtB5_13EncodingErrorNtNtCsiy8hXAumaA3_6miette8protocol10Diagnostic7related
FN:468,_RNCNvXsZ_CscmLdlanZRvV_6gedcomNtB7_13EncodingErrorNtNtCsiy8hXAumaA3_6miette8protocol10Diagnostic7related0B7_
FN:543,_RNvCscmLdlanZRvV_6gedcom20detect_file_encoding
FN:638,_RNvCscmLdlanZRvV_6gedcom24detect_file_encoding_opt
FN:658,_RNvCscmLdlanZRvV_6gedcom20encoding_from_gedcom
FN:719,_RNvXs2_CscmLdlanZRvV_6gedcomeNtB5_12GEDCOMSource6splitn
FN:723,_RNvXs2_CscmLdlanZRvV_6gedcomeNtB5_12GEDCOMSource5lines
FN:725,_RNCNvXs2_CscmLdlanZRvV_6gedcomeNtB7_12GEDCOMSource5lines0B7_
FN:725,_RNCNvXs2_CscmLdlanZRvV_6gedcomeNtB7_12GEDCOMSource5liness_0B7_
FN:734,_RNvXs2_CscmLdlanZRvV_6gedcomeNtB5_12GEDCOMSource7span_of
FN:741,_RNvXs2_CscmLdlanZRvV_6gedcomeNtB5_12GEDCOMSource11starts_with
FN:745,_RNvXs2_CscmLdlanZRvV_6gedcomeNtB5_12GEDCOMSource9ends_with
FN:749,_RNvXs2_CscmLdlanZRvV_6gedcomeNtB5_12GEDCOMSource8is_empty
FN:753,_RNvXs2_CscmLdlanZRvV_6gedcomeNtB5_12GEDCOMSource10slice_from
FN:759,_RNvXs3_CscmLdlanZRvV_6gedcomShNtB5_12GEDCOMSource6splitn
FN:760,_RNCNvXs3_CscmLdlanZRvV_6gedcomShNtB7_12GEDCOMSource6splitn0B7_
FN:763,_RNvXs3_CscmLdlanZRvV_6gedcomShNtB5_12GEDCOMSource5lines
FN:765,_RNCNvXs3_CscmLdlanZRvV_6gedcomShNtB7_12GEDCOMSource5lines0B7_
FN:765,_RNCNvXs3_CscmLdlanZRvV_6gedcomShNtB7_12GEDCOMSource5liness_0B7_
FN:774,_RNvXs3_CscmLdlanZRvV_6gedcomShNtB5_12GEDCOMSource7span_of
FN:781,_RNvXs3_CscmLdlanZRvV_6gedcomShNtB5_12GEDCOMSource11starts_with
FN:785,_RNvXs3_CscmLdlanZRvV_6gedcomShNtB5_12GEDCOMSource9ends_with
FN:789,_RNvXs3_CscmLdlanZRvV_6gedcomShNtB5_12GEDCOMSource8is_empty
FN:793,_RNvXs3_CscmLdlanZRvV_6gedcomShNtB5_12GEDCOMSource10slice_from
FN:804,_RNvXs4_CscmLdlanZRvV_6gedcomNtB5_12ParseOptionsNtNtCsalHcryTVEJB_4core7default7Default7default
FN:817,_RNvCscmLdlanZRvV_6gedcom13iterate_lines
FN:893,_RINvCscmLdlanZRvV_6gedcom17iterate_lines_rawpEB2_
FN:896,_RNCINvCscmLdlanZRvV_6gedcom17iterate_lines_rawpE0B4_
FN:901,_RNCINvCscmLdlanZRvV_6gedcom17iterate_lines_rawpEs_0B4_
FN:914,_RNCNCINvCscmLdlanZRvV_6gedcom17iterate_lines_rawpEs_00B6_
FN:917,_RNCNCNCINvCscmLdlanZRvV_6gedcom17iterate_lines_rawpEs_000B8_
FN:927,_RNCNCNCINvCscmLdlanZRvV_6gedcom17iterate_lines_rawpEs_00s_0B8_
FN:940,_RNCNCNCINvCscmLdlanZRvV_6gedcom17iterate_lines_rawpEs_00s0_0B8_
FN:955,_RNCNCNCINvCscmLdlanZRvV_6gedcom17iterate_lines_rawpEs_00s1_0B8_
FN:960,_RNCNCNCINvCscmLdlanZRvV_6gedcom17iterate_lines_rawpEs_00s2_0B8_
FN:967,_RNCNCNCINvCscmLdlanZRvV_6gedcom17iterate_lines_rawpEs_00s3_0B8_
FN:984,_RNCNCNCINvCscmLdlanZRvV_6gedcom17iterate_lines_rawpEs_00s4_0B8_
FN:1013,_RNvMs5_CscmLdlanZRvV_6gedcomINtB5_11ParseResultpNtNtCsalHcryTVEJB_4core7convert10InfallibleE10only_earlyB5_
FN:1022,_RNvMs6_CscmLdlanZRvV_6gedcomINtB5_11ParseResultNtNtCsalHcryTVEJB_4core7convert10InfalliblepE13only_completeB5_
FN:1038,_RNvXs7_CscmLdlanZRvV_6gedcomNtB5_3TagINtNtCsalHcryTVEJB_4core7convert7TryFromReE8try_from
FN:1061,_RNvMs8_CscmLdlanZRvV_6gedcomINtB5_9CollectorpE3newB5_
FN:1071,_RNvXINICscmLdlanZRvV_6gedcoms9_0pEINtB5_9CollectorpEINtB5_4SinkpE7consumeB5_
FN:1076,_RNvXINICscmLdlanZRvV_6gedcoms9_0pEINtB5_9CollectorpEINtB5_4SinkpE8completeB5_
FN:1088,_RNvXINICscmLdlanZRvV_6gedcomsa_0pENtB5_8NullSinkINtB5_4SinkpE7consumeB5_
FN:1092,_RNvXINICscmLdlanZRvV_6gedcomsa_0pENtB5_8NullSinkINtB5_4SinkpE8completeB5_
FN:1103,_RNvMsb_CscmLdlanZRvV_6gedcomINtB5_7CounterpE3newB5_
FN:1116,_RNvXINICscmLdlanZRvV_6gedcomsc_0ppEINtB5_7CounterpEINtB5_4SinkpE7consumeB5_
FN:1128,_RNvXINICscmLdlanZRvV_6gedcomsc_0ppEINtB5_7CounterpEINtB5_4SinkpE8completeB5_
FN:1141,_RNvMsd_CscmLdlanZRvV_6gedcomINtB5_7SourcedpE6as_refB5_
FN:1147,_RINvMsd_CscmLdlanZRvV_6gedcomINtB6_7SourcedpE3mapppEB6_
FN:1157,_RNvXINICscmLdlanZRvV_6gedcomse_0pEINtB5_7SourcedpENtNtNtCsalHcryTVEJB_4core3ops5deref5Deref5derefB5_
FN:1172,_RINvMsf_CscmLdlanZRvV_6gedcomINtB6_9RawRecordpE12get_data_optpppEB6_
FN:1178,_RNCINvMsf_CscmLdlanZRvV_6gedcomINtB8_9RawRecordpE12get_data_optpppE0B8_
FN:1195,_RINvMsf_CscmLdlanZRvV_6gedcomINtB6_9RawRecordpE8get_datapppEB6_
FN:1201,_RNCINvMsf_CscmLdlanZRvV_6gedcomINtB8_9RawRecordpE8get_datapppE0B8_
FN:1208,_RNvMsf_CscmLdlanZRvV_6gedcomINtB5_9RawRecordpE17get_subrecord_optB5_
FN:1211,_RNCNvMsf_CscmLdlanZRvV_6gedcomINtB7_9RawRecordpE17get_subrecord_opt0B7_
FN:1214,_RNvMsf_CscmLdlanZRvV_6gedcomINtB5_9RawRecordpE13get_subrecordB5_
FN:1225,_RNCNvMsf_CscmLdlanZRvV_6gedcomINtB7_9RawRecordpE13get_subrecord0B7_
FN:1234,_RNvMsf_CscmLdlanZRvV_6gedcomINtB5_9RawRecordpE18get_subrecords_optB5_
FN:1243,_RNCNvMsf_CscmLdlanZRvV_6gedcomINtB7_9RawRecordpE18get_subrecords_opt0B7_
FN:1246,_RNvMsf_CscmLdlanZRvV_6gedcomINtB5_9RawRecordpE14get_subrecordsB5_
FN:1256,_RNCNvMsf_CscmLdlanZRvV_6gedcomINtB7_9RawRecordpE14get_subrecords0B7_
FN:1259,_RNCNvMsf_CscmLdlanZRvV_6gedcomINtB7_9RawRecordpE14get_subrecordss_0B7_
FN:1270,_RNvMsg_CscmLdlanZRvV_6gedcomINtB5_7SourcedINtB5_9RawRecordpEE13get_subrecordB5_
FN:1287,_RNvMsg_CscmLdlanZRvV_6gedcomINtB5_7SourcedINtB5_9RawRecordpEE14get_subrecordsB5_
FN:1302,_RINvCscmLdlanZRvV_6gedcom10build_treepEB2_
FN:1311,_RNvMNvCscmLdlanZRvV_6gedcom10build_treeINtB2_1IpE9pop_levelB4_
FN:1342,_RNvMNvCscmLdlanZRvV_6gedcom10build_treeINtB2_1IpE7consumeB4_
FN:1369,_RNvXININvCscmLdlanZRvV_6gedcom10build_trees_0pEINtB5_1IpENtNtNtNtCsalHcryTVEJB_4core4iter6traits8iterator8Iterator4nextB7_
FN:1400,_RNvMsh_CscmLdlanZRvV_6gedcomINtB5_9RawRecordpE3newB5_
FN:1413,_RNvMsi_CscmLdlanZRvV_6gedcomINtB5_17RecordTreeBuilderpppE3newB5_
FN:1421,_RNvMsi_CscmLdlanZRvV_6gedcomINtB5_17RecordTreeBuilderpppE9pop_childB5_
FN:1446,_RNvMsi_CscmLdlanZRvV_6gedcomINtB5_17RecordTreeBuilderpppE9pop_belowB5_
FN:1468,_RNvXINICscmLdlanZRvV_6gedcomsj_0pppEINtB5_17RecordTreeBuilderpppEINtB5_4SinkTINtB5_7SourcedjEIB1e_INtB5_7RawLinepEEEE7consumeB5_
FN:1488,_RNvXINICscmLdlanZRvV_6gedcomsj_0pppEINtB5_17RecordTreeBuilderpppEINtB5_4SinkTINtB5_7SourcedjEIB1e_INtB5_7RawLinepEEEE8completeB5_
FN:1497,_RNvCscmLdlanZRvV_6gedcom15validate_syntax
FN:1499,_RNCNvCscmLdlanZRvV_6gedcom15validate_syntax0B3_
FN:1676,_RNvMsk_CscmLdlanZRvV_6gedcomNtB5_16FileFormatParser3new
FN:1689,_RNvXs17_CscmLdlanZRvV_6gedcomNtB6_11SchemaErrorNtNtCsalHcryTVEJB_4core5error5Error6source
FN:1689,_RNvXs18_CscmLdlanZRvV_6gedcomNtB6_11SchemaErrorNtNtCsalHcryTVEJB_4core3fmt7Display3fmt
FN:1689,_RNvXs19_CscmLdlanZRvV_6gedcomNtB6_11SchemaErrorINtNtCsalHcryTVEJB_4core7convert4FromNtNtB6_9encodings9DataErrorE4from
FN:1689,_RNvXs1b_CscmLdlanZRvV_6gedcomNtB6_11SchemaErrorNtNtCsiy8hXAumaA3_6miette8protocol10Diagnostic4code
FN:1689,_RNvXs1b_CscmLdlanZRvV_6gedcomNtB6_11SchemaErrorNtNtCsiy8hXAumaA3_6miette8protocol10Diagnostic4help
FN:1689,_RNvXs1b_CscmLdlanZRvV_6gedcomNtB6_11SchemaErrorNtNtCsiy8hXAumaA3_6miette8protocol10Diagnostic8severity
FN:1689,_RNvXs1b_CscmLdlanZRvV_6gedcomNtB6_11SchemaErrorNtNtCsiy8hXAumaA3_6miette8protocol10Diagnostic6labels
FN:1689,_RNCNvXs1b_CscmLdlanZRvV_6gedcomNtB8_11SchemaErrorNtNtCsiy8hXAumaA3_6miette8protocol10Diagnostic6labels0B8_
FN:1689,_RNCNvXs1b_CscmLdlanZRvV_6gedcomNtB8_11SchemaErrorNtNtCsiy8hXAumaA3_6miette8protocol10Diagnostic6labelss_0B8_
FN:1689,_RNCNvXs1b_CscmLdlanZRvV_6gedcomNtB8_11SchemaErrorNtNtCsiy8hXAumaA3_6miette8protocol10Diagnostic6labelss0_0B8_
FN:1689,_RNCNvXs1b_CscmLdlanZRvV_6gedcomNtB8_11SchemaErrorNtNtCsiy8hXAumaA3_6miette8protocol10Diagnostic6labelss1_0B8_
FN:1689,_RNCNvXs1b_CscmLdlanZRvV_6gedcomNtB8_11SchemaErrorNtNtCsiy8hXAumaA3_6miette8protocol10Diagnostic6labelss2_0B8_
FN:1689,_RNCNvXs1b_CscmLdlanZRvV_6gedcomNtB8_11SchemaErrorNtNtCsiy8hXAumaA3_6miette8protocol10Diagnostic6labelss3_0B8_
FN:1689,_RNCNvXs1b_CscmLdlanZRvV_6gedcomNtB8_11SchemaErrorNtNtCsiy8hXAumaA3_6miette8protocol10Diagnostic6labelss4_0B8_
FN:1689,_RNvXs1b_CscmLdlanZRvV_6gedcomNtB6_11SchemaErrorNtNtCsiy8hXAumaA3_6miette8protocol10Diagnostic11source_code
FN:1689,_RNvXs1b_CscmLdlanZRvV_6gedcomNtB6_11SchemaErrorNtNtCsiy8hXAumaA3_6miette8protocol10Diagnostic7related
FN:1689,_RNvXs1b_CscmLdlanZRvV_6gedcomNtB6_11SchemaErrorNtNtCsiy8hXAumaA3_6miette8protocol10Diagnostic3url
FN:1689,_RNvXs1b_CscmLdlanZRvV_6gedcomNtB6_11SchemaErrorNtNtCsiy8hXAumaA3_6miette8protocol10Diagnostic17diagnostic_source
FN:1302,_RINvCs94xiAUca6ke_6gedcom10build_treeINtNtNtCs5hBMTNmLnRE_5alloc3vec9into_iter8IntoIterTINtB2_7SourcedjEIB1p_INtB2_7RawLineeEEEEECsitNhyB3gKic_5tests
FN:896,_RNCINvCs94xiAUca6ke_6gedcom17iterate_lines_raweE0CsitNhyB3gKic_5tests
FN:901,_RNCINvCs94xiAUca6ke_6gedcom17iterate_lines_raweEs_0CsitNhyB3gKic_5tests
FN:914,_RNCNCINvCs94xiAUca6ke_6gedcom17iterate_lines_raweEs_00CsitNhyB3gKic_5tests
FN:917,_RNCNCNCINvCs94xiAUca6ke_6gedcom17iterate_lines_raweEs_000CsitNhyB3gKic_5tests
FN:940,_RNCNCNCINvCs94xiAUca6ke_6gedcom17iterate_lines_raweEs_00s0_0CsitNhyB3gKic_5tests
FN:955,_RNCNCNCINvCs94xiAUca6ke_6gedcom17iterate_lines_raweEs_00s1_0CsitNhyB3gKic_5tests
FN:960,_RNCNCNCINvCs94xiAUca6ke_6gedcom17iterate_lines_raweEs_00s2_0CsitNhyB3gKic_5tests
FN:967,_RNCNCNCINvCs94xiAUca6ke_6gedcom17iterate_lines_raweEs_00s3_0CsitNhyB3gKic_5tests
FN:984,_RNCNCNCINvCs94xiAUca6ke_6gedcom17iterate_lines_raweEs_00s4_0CsitNhyB3gKic_5tests
FN:927,_RNCNCNCINvCs94xiAUca6ke_6gedcom17iterate_lines_raweEs_00s_0CsitNhyB3gKic_5tests
FN:725,_RNCNvXs2_Cs94xiAUca6ke_6gedcomeNtB7_12GEDCOMSource5lines0CsitNhyB3gKic_5tests
FN:725,_RNCNvXs2_Cs94xiAUca6ke_6gedcomeNtB7_12GEDCOMSource5liness_0CsitNhyB3gKic_5tests
FN:1342,_RNvMNvCs94xiAUca6ke_6gedcom10build_treeINtB2_1IINtNtNtCs5hBMTNmLnRE_5alloc3vec9into_iter8IntoIterTINtB4_7SourcedjEIB1z_INtB4_7RawLineeEEEEE7consumeCsitNhyB3gKic_5tests
FN:1311,_RNvMNvCs94xiAUca6ke_6gedcom10build_treeINtB2_1IINtNtNtCs5hBMTNmLnRE_5alloc3vec9into_iter8IntoIterTINtB4_7SourcedjEIB1z_INtB4_7RawLineeEEEEE9pop_levelCsitNhyB3gKic_5tests
FN:1400,_RNvMsh_Cs94xiAUca6ke_6gedcomNtB5_9RawRecord3newCsitNhyB3gKic_5tests
FN:1369,_RNvXs_NvCs94xiAUca6ke_6gedcom10build_treeINtB4_1IINtNtNtCs5hBMTNmLnRE_5alloc3vec9into_iter8IntoIterTINtB6_7SourcedjEIB1B_INtB6_7RawLineeEEEEENtNtNtNtCsalHcryTVEJB_4core4iter6traits8iterator8Iterator4nextCsitNhyB3gKic_5tests
FN:1157,_RNvXse_Cs94xiAUca6ke_6gedcomINtB5_7SourcedINtB5_7RawLineeEENtNtNtCsalHcryTVEJB_4core3ops5deref5Deref5derefCsitNhyB3gKic_5tests
FN:1157,_RNvXse_Cs94xiAUca6ke_6gedcomINtB5_7SourcedRNtNtCsbcyttY3WPus_5ascii9ascii_str8AsciiStrENtNtNtCsalHcryTVEJB_4core3ops5deref5Deref5derefCsitNhyB3gKic_5tests
FN:41,_RNvXCs94xiAUca6ke_6gedcomNtB2_11GedcomErrorINtNtCsalHcryTVEJB_4core7convert4FromNtBI_10InfallibleE4from
FN:159,_RNvXs_Cs94xiAUca6ke_6gedcomNtB4_17SupportedEncodingNtNtCsalHcryTVEJB_4core3fmt7Display3fmt
FN:179,_RNvMs0_Cs94xiAUca6ke_6gedcomNtB5_16DetectedEncoding6decode
FN:264,_RNvMs1_Cs94xiAUca6ke_6gedcomNtB5_8AnselErr6offset
FN:273,_RNvCs94xiAUca6ke_6gedcom12decode_ansel
FN:543,_RNvCs94xiAUca6ke_6gedcom20detect_file_encoding
FN:638,_RNvCs94xiAUca6ke_6gedcom24detect_file_encoding_opt
FN:658,_RNvCs94xiAUca6ke_6gedcom20encoding_from_gedcom
FN:719,_RNvXs2_Cs94xiAUca6ke_6gedcomeNtB5_12GEDCOMSource6splitn
FN:723,_RNvXs2_Cs94xiAUca6ke_6gedcomeNtB5_12GEDCOMSource5lines
FN:734,_RNvXs2_Cs94xiAUca6ke_6gedcomeNtB5_12GEDCOMSource7span_of
FN:741,_RNvXs2_Cs94xiAUca6ke_6gedcomeNtB5_12GEDCOMSource11starts_with
FN:745,_RNvXs2_Cs94xiAUca6ke_6gedcomeNtB5_12GEDCOMSource9ends_with
FN:749,_RNvXs2_Cs94xiAUca6ke_6gedcomeNtB5_12GEDCOMSource8is_empty
FN:753,_RNvXs2_Cs94xiAUca6ke_6gedcomeNtB5_12GEDCOMSource10slice_from
FN:759,_RNvXs3_Cs94xiAUca6ke_6gedcomShNtB5_12GEDCOMSource6splitn
FN:763,_RNvXs3_Cs94xiAUca6ke_6gedcomShNtB5_12GEDCOMSource5lines
FN:774,_RNvXs3_Cs94xiAUca6ke_6gedcomShNtB5_12GEDCOMSource7span_of
FN:781,_RNvXs3_Cs94xiAUca6ke_6gedcomShNtB5_12GEDCOMSource11starts_with
FN:785,_RNvXs3_Cs94xiAUca6ke_6gedcomShNtB5_12GEDCOMSource9ends_with
FN:789,_RNvXs3_Cs94xiAUca6ke_6gedcomShNtB5_12GEDCOMSource8is_empty
FN:793,_RNvXs3_Cs94xiAUca6ke_6gedcomShNtB5_12GEDCOMSource10slice_from
FN:804,_RNvXs4_Cs94xiAUca6ke_6gedcomNtB5_12ParseOptionsNtNtCsalHcryTVEJB_4core7default7Default7default
FN:817,_RNvCs94xiAUca6ke_6gedcom13iterate_lines
FN:1038,_RNvXs7_Cs94xiAUca6ke_6gedcomNtB5_3TagINtNtCsalHcryTVEJB_4core7convert7TryFromReE8try_from
FN:1497,_RNvCs94xiAUca6ke_6gedcom15validate_syntax
FN:16,_RNvXsl_Cs94xiAUca6ke_6gedcomNtB5_11GedcomErrorNtNtCsalHcryTVEJB_4core5error5Error6source
FN:16,_RNvXsm_Cs94xiAUca6ke_6gedcomNtB5_11GedcomErrorNtNtCsalHcryTVEJB_4core3fmt7Display3fmt
FN:16,_RNvXsn_Cs94xiAUca6ke_6gedcomNtB5_11GedcomErrorINtNtCsalHcryTVEJB_4core7convert4FromNtB5_15LineSyntaxErrorE4from
FN:16,_RNvXso_Cs94xiAUca6ke_6gedcomNtB5_11GedcomErrorINtNtCsalHcryTVEJB_4core7convert4FromNtB5_18LineStructureErrorE4from
FN:16,_RNvXsp_Cs94xiAUca6ke_6gedcomNtB5_11GedcomErrorINtNtCsalHcryTVEJB_4core7convert4FromNtB5_11SchemaErrorE4from
FN:16,_RNvXsr_Cs94xiAUca6ke_6gedcomNtB5_11GedcomErrorNtNtCsiy8hXAumaA3_6miette8protocol10Diagnostic4code
FN:16,_RNvXsr_Cs94xiAUca6ke_6gedcomNtB5_11GedcomErrorNtNtCsiy8hXAumaA3_6miette8protocol10Diagnostic4help
FN:16,_RNvXsr_Cs94xiAUca6ke_6gedcomNtB5_11GedcomErrorNtNtCsiy8hXAumaA3_6miette8protocol10Diagnostic8severity
FN:16,_RNvXsr_Cs94xiAUca6ke_6gedcomNtB5_11GedcomErrorNtNtCsiy8hXAumaA3_6miette8protocol10Diagnostic6labels
FN:16,_RNvXsr_Cs94xiAUca6ke_6gedcomNtB5_11GedcomErrorNtNtCsiy8hXAumaA3_6miette8protocol10Diagnostic11source_code
FN:16,_RNvXsr_Cs94xiAUca6ke_6gedcomNtB5_11GedcomErrorNtNtCsiy8hXAumaA3_6miette8protocol10Diagnostic7related
FN:16,_RNvXsr_Cs94xiAUca6ke_6gedcomNtB5_11GedcomErrorNtNtCsiy8hXAumaA3_6miette8protocol10Diagnostic3url
FN:16,_RNvXsr_Cs94xiAUca6ke_6gedcomNtB5_11GedcomErrorNtNtCsiy8hXAumaA3_6miette8protocol10Diagnostic17diagnostic_source
FN:31,_RNvXst_Cs94xiAUca6ke_6gedcomNtB5_15ValidationErrorNtNtCsalHcryTVEJB_4core3fmt7Display3fmt
FN:31,_RNvXsv_Cs94xiAUca6ke_6gedcomNtB5_15ValidationErrorNtNtCsiy8hXAumaA3_6miette8protocol10Diagnostic7related
FN:46,_RNvXsw_Cs94xiAUca6ke_6gedcomNtB5_15LineSyntaxErrorNtNtCsalHcryTVEJB_4core5error5Error6source
FN:46,_RNvXsx_Cs94xiAUca6ke_6gedcomNtB5_15LineSyntaxErrorNtNtCsalHcryTVEJB_4core3fmt7Display3fmt
FN:46,_RNvXsz_Cs94xiAUca6ke_6gedcomNtB5_15LineSyntaxErrorNtNtCsiy8hXAumaA3_6miette8protocol10Diagnostic4code
FN:46,_RNvXsz_Cs94xiAUca6ke_6gedcomNtB5_15LineSyntaxErrorNtNtCsiy8hXAumaA3_6miette8protocol10Diagnostic4help
FN:46,_RNvXsz_Cs94xiAUca6ke_6gedcomNtB5_15LineSyntaxErrorNtNtCsiy8hXAumaA3_6miette8protocol10Diagnostic6labels
FN:90,_RNvXsB_Cs94xiAUca6ke_6gedcomNtB5_18LineStructureErrorNtNtCsalHcryTVEJB_4core3fmt7Display3fmt
FN:90,_RNvXsD_Cs94xiAUca6ke_6gedcomNtB5_18LineStructureErrorNtNtCsiy8hXAumaA3_6miette8protocol10Diagnostic4code
FN:90,_RNvXsD_Cs94xiAUca6ke_6gedcomNtB5_18LineStructureErrorNtNtCsiy8hXAumaA3_6miette8protocol10Diagnostic6labels
FN:251,_RNvXsM_Cs94xiAUca6ke_6gedcomNtB5_8AnselErrNtNtCsalHcryTVEJB_4core3fmt7Display3fmt
FN:437,_RNvXsR_Cs94xiAUca6ke_6gedcomNtB5_14EncodingReasonNtNtCsalHcryTVEJB_4core3fmt7Display3fmt
FN:437,_RNvXsT_Cs94xiAUca6ke_6gedcomNtB5_14EncodingReasonNtNtCsiy8hXAumaA3_6miette8protocol10Diagnostic4code
FN:437,_RNvXsT_Cs94xiAUca6ke_6gedcomNtB5_14EncodingReasonNtNtCsiy8hXAumaA3_6miette8protocol10Diagnostic8severity
FN:437,_RNvXsT_Cs94xiAUca6ke_6gedcomNtB5_14EncodingReasonNtNtCsiy8hXAumaA3_6miette8protocol10Diagnostic6labels
FN:468,_RNvXsW_Cs94xiAUca6ke_6gedcomNtB5_13EncodingErrorNtNtCsalHcryTVEJB_4core5error5Error6source
FN:468,_RNvXsX_Cs94xiAUca6ke_6gedcomNtB5_13EncodingErrorNtNtCsalHcryTVEJB_4core3fmt7Display3fmt
FN:468,_RNvXsZ_Cs94xiAUca6ke_6gedcomNtB5_13EncodingErrorNtNtCsiy8hXAumaA3_6miette8protocol10Diagnostic4code
FN:468,_RNvXsZ_Cs94xiAUca6ke_6gedcomNtB5_13EncodingErrorNtNtCsiy8hXAumaA3_6miette8protocol10Diagnostic4help
FN:468,_RNvXsZ_Cs94xiAUca6ke_6gedcomNtB5_13EncodingErrorNtNtCsiy8hXAumaA3_6miette8protocol10Diagnostic6labels
FN:468,_RNvXsZ_Cs94xiAUca6ke_6gedcomNtB5_13EncodingErrorNtNtCsiy8hXAumaA3_6miette8protocol10Diagnostic7related
FN:1689,_RNvXs17_Cs94xiAUca6ke_6gedcomNtB6_11SchemaErrorNtNtCsalHcryTVEJB_4core5error5Error6source
FN:1689,_RNvXs18_Cs94xiAUca6ke_6gedcomNtB6_11SchemaErrorNtNtCsalHcryTVEJB_4core3fmt7Display3fmt
FN:1689,_RNvXs19_Cs94xiAUca6ke_6gedcomNtB6_11SchemaErrorINtNtCsalHcryTVEJB_4core7convert4FromNtNtB6_9encodings9DataErrorE4from
FN:1689,_RNvXs1b_Cs94xiAUca6ke_6gedcomNtB6_11SchemaErrorNtNtCsiy8hXAumaA3_6miette8protocol10Diagnostic4code
FN:1689,_RNvXs1b_Cs94xiAUca6ke_6gedcomNtB6_11SchemaErrorNtNtCsiy8hXAumaA3_6miette8protocol10Diagnostic4help
FN:1689,_RNvXs1b_Cs94xiAUca6ke_6gedcomNtB6_11SchemaErrorNtNtCsiy8hXAumaA3_6miette8protocol10Diagnostic8severity
FN:1689,_RNvXs1b_Cs94xiAUca6ke_6gedcomNtB6_11SchemaErrorNtNtCsiy8hXAumaA3_6miette8protocol10Diagnostic6labels
FN:1689,_RNvXs1b_Cs94xiAUca6ke_6gedcomNtB6_11SchemaErrorNtNtCsiy8hXAumaA3_6miette8protocol10Diagnostic11source_code
FN:1689,_RNvXs1b_Cs94xiAUca6ke_6gedcomNtB6_11SchemaErrorNtNtCsiy8hXAumaA3_6miette8protocol10Diagnostic7related
FN:1689,_RNvXs1b_Cs94xiAUca6ke_6gedcomNtB6_11SchemaErrorNtNtCsiy8hXAumaA3_6miette8protocol10Diagnostic3url
FN:1689,_RNvXs1b_Cs94xiAUca6ke_6gedcomNtB6_11SchemaErrorNtNtCsiy8hXAumaA3_6miette8protocol10Diagnostic17diagnostic_source
FN:191,_RNCNvMs0_Cs94xiAUca6ke_6gedcomNtB7_16DetectedEncoding6decode0B7_
FN:203,_RNCNvMs0_Cs94xiAUca6ke_6gedcomNtB7_16DetectedEncoding6decodes_0B7_
FN:211,_RNCNvMs0_Cs94xiAUca6ke_6gedcomNtB7_16DetectedEncoding6decodes0_0B7_
FN:760,_RNCNvXs3_Cs94xiAUca6ke_6gedcomShNtB7_12GEDCOMSource6splitn0B7_
FN:765,_RNCNvXs3_Cs94xiAUca6ke_6gedcomShNtB7_12GEDCOMSource5lines0B7_
FN:765,_RNCNvXs3_Cs94xiAUca6ke_6gedcomShNtB7_12GEDCOMSource5liness_0B7_
FN:893,_RINvCs94xiAUca6ke_6gedcom17iterate_lines_rawShEB2_
FN:893,_RINvCs94xiAUca6ke_6gedcom17iterate_lines_raweEB2_
FN:896,_RNCINvCs94xiAUca6ke_6gedcom17iterate_lines_rawShE0B4_
FN:901,_RNCINvCs94xiAUca6ke_6gedcom17iterate_lines_rawShEs_0B4_
FN:914,_RNCNCINvCs94xiAUca6ke_6gedcom17iterate_lines_rawShEs_00B6_
FN:917,_RNCNCNCINvCs94xiAUca6ke_6gedcom17iterate_lines_rawShEs_000B8_
FN:927,_RNCNCNCINvCs94xiAUca6ke_6gedcom17iterate_lines_rawShEs_00s_0B8_
FN:940,_RNCNCNCINvCs94xiAUca6ke_6gedcom17iterate_lines_rawShEs_00s0_0B8_
FN:955,_RNCNCNCINvCs94xiAUca6ke_6gedcom17iterate_lines_rawShEs_00s1_0B8_
FN:960,_RNCNCNCINvCs94xiAUca6ke_6gedcom17iterate_lines_rawShEs_00s2_0B8_
FN:967,_RNCNCNCINvCs94xiAUca6ke_6gedcom17iterate_lines_rawShEs_00s3_0B8_
FN:984,_RNCNCNCINvCs94xiAUca6ke_6gedcom17iterate_lines_rawShEs_00s4_0B8_
FN:1157,_RNvXse_Cs94xiAUca6ke_6gedcomINtB5_7SourcedINtB5_7RawLineShEENtNtNtCsalHcryTVEJB_4core3ops5deref5Deref5derefB5_
FN:1157,_RNvXse_Cs94xiAUca6ke_6gedcomINtB5_7SourcedRShENtNtNtCsalHcryTVEJB_4core3ops5deref5Deref5derefB5_
FN:1499,_RNCNvCs94xiAUca6ke_6gedcom15validate_syntax0B3_
FN:31,_RNCNvXsv_Cs94xiAUca6ke_6gedcomNtB7_15ValidationErrorNtNtCsiy8hXAumaA3_6miette8protocol10Diagnostic7related0B7_
FN:46,_RNCNvXsz_Cs94xiAUca6ke_6gedcomNtB7_15LineSyntaxErrorNtNtCsiy8hXAumaA3_6miette8protocol10Diagnostic6labels0B7_
FN:46,_RNCNvXsz_Cs94xiAUca6ke_6gedcomNtB7_15LineSyntaxErrorNtNtCsiy8hXAumaA3_6miette8protocol10Diagnostic6labelss_0B7_
FN:46,_RNCNvXsz_Cs94xiAUca6ke_6gedcomNtB7_15LineSyntaxErrorNtNtCsiy8hXAumaA3_6miette8protocol10Diagnostic6labelss0_0B7_
FN:46,_RNCNvXsz_Cs94xiAUca6ke_6gedcomNtB7_15LineSyntaxErrorNtNtCsiy8hXAumaA3_6miette8protocol10Diagnostic6labelss1_0B7_
FN:90,_RNCNvXsD_Cs94xiAUca6ke_6gedcomNtB7_18LineStructureErrorNtNtCsiy8hXAumaA3_6miette8protocol10Diagnostic6labels0B7_
FN:437,_RNCNvXsT_Cs94xiAUca6ke_6gedcomNtB7_14EncodingReasonNtNtCsiy8hXAumaA3_6miette8protocol10Diagnostic6labels0B7_
FN:437,_RNCNvXsT_Cs94xiAUca6ke_6gedcomNtB7_14EncodingReasonNtNtCsiy8hXAumaA3_6miette8protocol10Diagnostic6labelss_0B7_
FN:468,_RNCNvXsZ_Cs94xiAUca6ke_6gedcomNtB7_13EncodingErrorNtNtCsiy8hXAumaA3_6miette8protocol10Diagnostic7related0B7_
FN:468,_RNCNvXsZ_Cs94xiAUca6ke_6gedcomNtB7_13EncodingErrorNtNtCsiy8hXAumaA3_6miette8protocol10Diagnostic6labels0B7_
FN:468,_RNCNvXsZ_Cs94xiAUca6ke_6gedcomNtB7_13EncodingErrorNtNtCsiy8hXAumaA3_6miette8protocol10Diagnostic6labelss_0B7_
FN:1689,_RNCNvXs1b_Cs94xiAUca6ke_6gedcomNtB8_11SchemaErrorNtNtCsiy8hXAumaA3_6miette8protocol10Diagnostic6labels0B8_
FN:1689,_RNCNvXs1b_Cs94xiAUca6ke_6gedcomNtB8_11SchemaErrorNtNtCsiy8hXAumaA3_6miette8protocol10Diagnostic6labelss_0B8_
FN:1689,_RNCNvXs1b_Cs94xiAUca6ke_6gedcomNtB8_11SchemaErrorNtNtCsiy8hXAumaA3_6miette8protocol10Diagnostic6labelss0_0B8_
FN:1689,_RNCNvXs1b_Cs94xiAUca6ke_6gedcomNtB8_11SchemaErrorNtNtCsiy8hXAumaA3_6miette8protocol10Diagnostic6labelss1_0B8_
FN:1689,_RNCNvXs1b_Cs94xiAUca6ke_6gedcomNtB8_11SchemaErrorNtNtCsiy8hXAumaA3_6miette8protocol10Diagnostic6labelss2_0B8_
FN:1689,_RNCNvXs1b_Cs94xiAUca6ke_6gedcomNtB8_11SchemaErrorNtNtCsiy8hXAumaA3_6miette8protocol10Diagnostic6labelss3_0B8_
FN:1689,_RNCNvXs1b_Cs94xiAUca6ke_6gedcomNtB8_11SchemaErrorNtNtCsiy8hXAumaA3_6miette8protocol10Diagnostic6labelss4_0B8_
FN:725,_RNCNvXs2_Cs94xiAUca6ke_6gedcomeNtB7_12GEDCOMSource5lines0B7_
FN:725,_RNCNvXs2_Cs94xiAUca6ke_6gedcomeNtB7_12GEDCOMSource5liness_0B7_
FN:1013,_RNvMs5_Cs94xiAUca6ke_6gedcomINtB5_11ParseResultpNtNtCsalHcryTVEJB_4core7convert10InfallibleE10only_earlyB5_
FN:1022,_RNvMs6_Cs94xiAUca6ke_6gedcomINtB5_11ParseResultNtNtCsalHcryTVEJB_4core7convert10InfalliblepE13only_completeB5_
FN:1061,_RNvMs8_Cs94xiAUca6ke_6gedcomINtB5_9CollectorpE3newB5_
FN:1071,_RNvXINICs94xiAUca6ke_6gedcoms9_0pEINtB5_9CollectorpEINtB5_4SinkpE7consumeB5_
FN:1076,_RNvXINICs94xiAUca6ke_6gedcoms9_0pEINtB5_9CollectorpEINtB5_4SinkpE8completeB5_
FN:1088,_RNvXINICs94xiAUca6ke_6gedcomsa_0pENtB5_8NullSinkINtB5_4SinkpE7consumeB5_
FN:1092,_RNvXINICs94xiAUca6ke_6gedcomsa_0pENtB5_8NullSinkINtB5_4SinkpE8completeB5_
FN:1103,_RNvMsb_Cs94xiAUca6ke_6gedcomINtB5_7CounterpE3newB5_
FN:1116,_RNvXINICs94xiAUca6ke_6gedcomsc_0ppEINtB5_7CounterpEINtB5_4SinkpE7consumeB5_
FN:1128,_RNvXINICs94xiAUca6ke_6gedcomsc_0ppEINtB5_7CounterpEINtB5_4SinkpE8completeB5_
FN:1141,_RNvMsd_Cs94xiAUca6ke_6gedcomINtB5_7SourcedpE6as_refB5_
FN:1147,_RINvMsd_Cs94xiAUca6ke_6gedcomINtB6_7SourcedpE3mapppEB6_
FN:1172,_RINvMsf_Cs94xiAUca6ke_6gedcomINtB6_9RawRecordpE12get_data_optpppEB6_
FN:1178,_RNCINvMsf_Cs94xiAUca6ke_6gedcomINtB8_9RawRecordpE12get_data_optpppE0B8_
FN:1195,_RINvMsf_Cs94xiAUca6ke_6gedcomINtB6_9RawRecordpE8get_datapppEB6_
FN:1201,_RNCINvMsf_Cs94xiAUca6ke_6gedcomINtB8_9RawRecordpE8get_datapppE0B8_
FN:1208,_RNvMsf_Cs94xiAUca6ke_6gedcomINtB5_9RawRecordpE17get_subrecord_optB5_
FN:1211,_RNCNvMsf_Cs94xiAUca6ke_6gedcomINtB7_9RawRecordpE17get_subrecord_opt0B7_
FN:1214,_RNvMsf_Cs94xiAUca6ke_6gedcomINtB5_9RawRecordpE13get_subrecordB5_
FN:1225,_RNCNvMsf_Cs94xiAUca6ke_6gedcomINtB7_9RawRecordpE13get_subrecord0B7_
FN:1234,_RNvMsf_Cs94xiAUca6ke_6gedcomINtB5_9RawRecordpE18get_subrecords_optB5_
FN:1243,_RNCNvMsf_Cs94xiAUca6ke_6gedcomINtB7_9RawRecordpE18get_subrecords_opt0B7_
FN:1246,_RNvMsf_Cs94xiAUca6ke_6gedcomINtB5_9RawRecordpE14get_subrecordsB5_
FN:1256,_RNCNvMsf_Cs94xiAUca6ke_6gedcomINtB7_9RawRecordpE14get_subrecords0B7_
FN:1259,_RNCNvMsf_Cs94xiAUca6ke_6gedcomINtB7_9RawRecordpE14get_subrecordss_0B7_
FN:1270,_RNvMsg_Cs94xiAUca6ke_6gedcomINtB5_7SourcedINtB5_9RawRecordpEE13get_subrecordB5_
FN:1287,_RNvMsg_Cs94xiAUca6ke_6gedcomINtB5_7SourcedINtB5_9RawRecordpEE14get_subrecordsB5_
FN:1302,_RINvCs94xiAUca6ke_6gedcom10build_treepEB2_
FN:1311,_RNvMNvCs94xiAUca6ke_6gedcom10build_treeINtB2_1IpE9pop_levelB4_
FN:1342,_RNvMNvCs94xiAUca6ke_6gedcom10build_treeINtB2_1IpE7consumeB4_
FN:1369,_RNvXININvCs94xiAUca6ke_6gedcom10build_trees_0pEINtB5_1IpENtNtNtNtCsalHcryTVEJB_4core4iter6traits8iterator8Iterator4nextB7_
FN:1400,_RNvMsh_Cs94xiAUca6ke_6gedcomINtB5_9RawRecordpE3newB5_
FN:1413,_RNvMsi_Cs94xiAUca6ke_6gedcomINtB5_17RecordTreeBuilderpppE3newB5_
FN:1421,_RNvMsi_Cs94xiAUca6ke_6gedcomINtB5_17RecordTreeBuilderpppE9pop_childB5_
FN:1446,_RNvMsi_Cs94xiAUca6ke_6gedcomINtB5_17RecordTreeBuilderpppE9pop_belowB5_
FN:1468,_RNvXINICs94xiAUca6ke_6gedcomsj_0pppEINtB5_17RecordTreeBuilderpppEINtB5_4SinkTINtB5_7SourcedjEIB1e_INtB5_7RawLinepEEEE7consumeB5_
FN:1488,_RNvXINICs94xiAUca6ke_6gedcomsj_0pppEINtB5_17RecordTreeBuilderpppEINtB5_4SinkTINtB5_7SourcedjEIB1e_INtB5_7RawLinepEEEE8completeB5_
FN:1676,_RNvMsk_Cs94xiAUca6ke_6gedcomNtB5_16FileFormatParser3new
FNDA:0,_RNvXsl_CscmLdlanZRvV_6gedcomNtB5_11GedcomErrorNtNtCsalHcryTVEJB_4core5error5Error6source
FNDA:0,_RNvXsm_CscmLdlanZRvV_6gedcomNtB5_11GedcomErrorNtNtCsalHcryTVEJB_4core3fmt7Display3fmt
FNDA:0,_RNvXsn_CscmLdlanZRvV_6gedcomNtB5_11GedcomErrorINtNtCsalHcryTVEJB_4core7convert4FromNtB5_15LineSyntaxErrorE4from
FNDA:0,_RNvXso_CscmLdlanZRvV_6gedcomNtB5_11GedcomErrorINtNtCsalHcryTVEJB_4core7convert4FromNtB5_18LineStructureErrorE4from
FNDA:0,_RNvXsp_CscmLdlanZRvV_6gedcomNtB5_11GedcomErrorINtNtCsalHcryTVEJB_4core7convert4FromNtB5_11SchemaErrorE4from
FNDA:0,_RNvXsr_CscmLdlanZRvV_6gedcomNtB5_11GedcomErrorNtNtCsiy8hXAumaA3_6miette8protocol10Diagnostic4code
FNDA:0,_RNvXsr_CscmLdlanZRvV_6gedcomNtB5_11GedcomErrorNtNtCsiy8hXAumaA3_6miette8protocol10Diagnostic4help
FNDA:0,_RNvXsr_CscmLdlanZRvV_6gedcomNtB5_11GedcomErrorNtNtCsiy8hXAumaA3_6miette8protocol10Diagnostic8severity
FNDA:0,_RNvXsr_CscmLdlanZRvV_6gedcomNtB5_11GedcomErrorNtNtCsiy8hXAumaA3_6miette8protocol10Diagnostic6labels
FNDA:0,_RNvXsr_CscmLdlanZRvV_6gedcomNtB5_11GedcomErrorNtNtCsiy8hXAumaA3_6miette8protocol10Diagnostic11source_code
FNDA:0,_RNvXsr_CscmLdlanZRvV_6gedcomNtB5_11GedcomErrorNtNtCsiy8hXAumaA3_6miette8protocol10Diagnostic7related
FNDA:0,_RNvXsr_CscmLdlanZRvV_6gedcomNtB5_11GedcomErrorNtNtCsiy8hXAumaA3_6miette8protocol10Diagnostic3url
FNDA:0,_RNvXsr_CscmLdlanZRvV_6gedcomNtB5_11GedcomErrorNtNtCsiy8hXAumaA3_6miette8protocol10Diagnostic17diagnostic_source
FNDA:0,_RNvXst_CscmLdlanZRvV_6gedcomNtB5_15ValidationErrorNtNtCsalHcryTVEJB_4core3fmt7Display3fmt
FNDA:0,_RNvXsv_CscmLdlanZRvV_6gedcomNtB5_15ValidationErrorNtNtCsiy8hXAumaA3_6miette8protocol10Diagnostic7related
FNDA:0,_RNCNvXsv_CscmLdlanZRvV_6gedcomNtB7_15ValidationErrorNtNtCsiy8hXAumaA3_6miette8protocol10Diagnostic7related0B7_
FNDA:0,_RNvXCscmLdlanZRvV_6gedcomNtB2_11GedcomErrorINtNtCsalHcryTVEJB_4core7convert4FromNtBI_10InfallibleE4from
FNDA:0,_RNvXsw_CscmLdlanZRvV_6gedcomNtB5_15LineSyntaxErrorNtNtCsalHcryTVEJB_4core5error5Error6source
FNDA:0,_RNvXsx_CscmLdlanZRvV_6gedcomNtB5_15LineSyntaxErrorNtNtCsalHcryTVEJB_4core3fmt7Display3fmt
FNDA:0,_RNvXsz_CscmLdlanZRvV_6gedcomNtB5_15LineSyntaxErrorNtNtCsiy8hXAumaA3_6miette8protocol10Diagnostic4code
FNDA:0,_RNvXsz_CscmLdlanZRvV_6gedcomNtB5_15LineSyntaxErrorNtNtCsiy8hXAumaA3_6miette8protocol10Diagnostic4help
FNDA:0,_RNvXsz_CscmLdlanZRvV_6gedcomNtB5_15LineSyntaxErrorNtNtCsiy8hXAumaA3_6miette8protocol10Diagnostic6labels
FNDA:0,_RNCNvXsz_CscmLdlanZRvV_6gedcomNtB7_15LineSyntaxErrorNtNtCsiy8hXAumaA3_6miette8protocol10Diagnostic6labels0B7_
FNDA:0,_RNCNvXsz_CscmLdlanZRvV_6gedcomNtB7_15LineSyntaxErrorNtNtCsiy8hXAumaA3_6miette8protocol10Diagnostic6labelss_0B7_
FNDA:0,_RNCNvXsz_CscmLdlanZRvV_6gedcomNtB7_15LineSyntaxErrorNtNtCsiy8hXAumaA3_6miette8protocol10Diagnostic6labelss0_0B7_
FNDA:0,_RNCNvXsz_CscmLdlanZRvV_6gedcomNtB7_15LineSyntaxErrorNtNtCsiy8hXAumaA3_6miette8protocol10Diagnostic6labelss1_0B7_
FNDA:0,_RNvXsB_CscmLdlanZRvV_6gedcomNtB5_18LineStructureErrorNtNtCsalHcryTVEJB_4core3fmt7Display3fmt
FNDA:0,_RNvXsD_CscmLdlanZRvV_6gedcomNtB5_18LineStructureErrorNtNtCsiy8hXAumaA3_6miette8protocol10Diagnostic4code
FNDA:0,_RNvXsD_CscmLdlanZRvV_6gedcomNtB5_18LineStructureErrorNtNtCsiy8hXAumaA3_6miette8protocol10Diagnostic6labels
FNDA:0,_RNCNvXsD_CscmLdlanZRvV_6gedcomNtB7_18LineStructureErrorNtNtCsiy8hXAumaA3_6miette8protocol10Diagnostic6labels0B7_
FNDA:0,_RNvXs_CscmLdlanZRvV_6gedcomNtB4_17SupportedEncodingNtNtCsalHcryTVEJB_4core3fmt7Display3fmt
FNDA:0,_RNvMs0_CscmLdlanZRvV_6gedcomNtB5_16DetectedEncoding6decode
FNDA:0,_RNCNvMs0_CscmLdlanZRvV_6gedcomNtB7_16DetectedEncoding6decode0B7_
FNDA:0,_RNCNvMs0_CscmLdlanZRvV_6gedcomNtB7_16DetectedEncoding6decodes_0B7_
FNDA:0,_RNCNvMs0_CscmLdlanZRvV_6gedcomNtB7_16DetectedEncoding6decodes0_0B7_
FNDA:0,_RNvXsM_CscmLdlanZRvV_6gedcomNtB5_8AnselErrNtNtCsalHcryTVEJB_4core3fmt7Display3fmt
FNDA:0,_RNvMs1_CscmLdlanZRvV_6gedcomNtB5_8AnselErr6offset
FNDA:0,_RNvCscmLdlanZRvV_6gedcom12decode_ansel
FNDA:0,_RNvXsR_CscmLdlanZRvV_6gedcomNtB5_14EncodingReasonNtNtCsalHcryTVEJB_4core3fmt7Display3fmt
FNDA:0,_RNvXsT_CscmLdlanZRvV_6gedcomNtB5_14EncodingReasonNtNtCsiy8hXAumaA3_6miette8protocol10Diagnostic4code
FNDA:0,_RNvXsT_CscmLdlanZRvV_6gedcomNtB5_14EncodingReasonNtNtCsiy8hXAumaA3_6miette8protocol10Diagnostic8severity
FNDA:0,_RNvXsT_CscmLdlanZRvV_6gedcomNtB5_14EncodingReasonNtNtCsiy8hXAumaA3_6miette8protocol10Diagnostic6labels
FNDA:0,_RNCNvXsT_CscmLdlanZRvV_6gedcomNtB7_14EncodingReasonNtNtCsiy8hXAumaA3_6miette8protocol10Diagnostic6labels0B7_
FNDA:0,_RNCNvXsT_CscmLdlanZRvV_6gedcomNtB7_14EncodingReasonNtNtCsiy8hXAumaA3_6miette8protocol10Diagnostic6labelss_0B7_
FNDA:0,_RNvXsW_CscmLdlanZRvV_6gedcomNtB5_13EncodingErrorNtNtCsalHcryTVEJB_4core5error5Error6source
FNDA:0,_RNvXsX_CscmLdlanZRvV_6gedcomNtB5_13EncodingErrorNtNtCsalHcryTVEJB_4core3fmt7Display3fmt
FNDA:0,_RNvXsZ_CscmLdlanZRvV_6gedcomNtB5_13EncodingErrorNtNtCsiy8hXAumaA3_6miette8protocol10Diagnostic4code
FNDA:0,_RNvXsZ_CscmLdlanZRvV_6gedcomNtB5_13EncodingErrorNtNtCsiy8hXAumaA3_6miette8protocol10Diagnostic4help
FNDA:0,_RNvXsZ_CscmLdlanZRvV_6gedcomNtB5_13EncodingErrorNtNtCsiy8hXAumaA3_6miette8protocol10Diagnostic6labels
FNDA:0,_RNCNvXsZ_CscmLdlanZRvV_6gedcomNtB7_13EncodingErrorNtNtCsiy8hXAumaA3_6miette8protocol10Diagnostic6labels0B7_
FNDA:0,_RNCNvXsZ_CscmLdlanZRvV_6gedcomNtB7_13EncodingErrorNtNtCsiy8hXAumaA3_6miette8protocol10Diagnostic6labelss_0B7_
FNDA:0,_RNvXsZ_CscmLdlanZRvV_6gedcomNtB5_13EncodingErrorNtNtCsiy8hXAumaA3_6miette8protocol10Diagnostic7related
FNDA:0,_RNCNvXsZ_CscmLdlanZRvV_6gedcomNtB7_13EncodingErrorNtNtCsiy8hXAumaA3_6miette8protocol10Diagnostic7related0B7_
FNDA:0,_RNvCscmLdlanZRvV_6gedcom20detect_file_encoding
FNDA:0,_RNvCscmLdlanZRvV_6gedcom24detect_file_encoding_opt
FNDA:0,_RNvCscmLdlanZRvV_6gedcom20encoding_from_gedcom
FNDA:0,_RNvXs2_CscmLdlanZRvV_6gedcomeNtB5_12GEDCOMSource6splitn
FNDA:0,_RNvXs2_CscmLdlanZRvV_6gedcomeNtB5_12GEDCOMSource5lines
FNDA:0,_RNCNvXs2_CscmLdlanZRvV_6gedcomeNtB7_12GEDCOMSource5lines0B7_
FNDA:0,_RNCNvXs2_CscmLdlanZRvV_6gedcomeNtB7_12GEDCOMSource5liness_0B7_
FNDA:0,_RNvXs2_CscmLdlanZRvV_6gedcomeNtB5_12GEDCOMSource7span_of
FNDA:0,_RNvXs2_CscmLdlanZRvV_6gedcomeNtB5_12GEDCOMSource11starts_with
FNDA:0,_RNvXs2_CscmLdlanZRvV_6gedcomeNtB5_12GEDCOMSource9ends_with
FNDA:0,_RNvXs2_CscmLdlanZRvV_6gedcomeNtB5_12GEDCOMSource8is_empty
FNDA:0,_RNvXs2_CscmLdlanZRvV_6gedcomeNtB5_12GEDCOMSource10slice_from
FNDA:0,_RNvXs3_CscmLdlanZRvV_6gedcomShNtB5_12GEDCOMSource6splitn
FNDA:0,_RNCNvXs3_CscmLdlanZRvV_6gedcomShNtB7_12GEDCOMSource6splitn0B7_
FNDA:0,_RNvXs3_CscmLdlanZRvV_6gedcomShNtB5_12GEDCOMSource5lines
FNDA:0,_RNCNvXs3_CscmLdlanZRvV_6gedcomShNtB7_12GEDCOMSource5lines0B7_
FNDA:0,_RNCNvXs3_CscmLdlanZRvV_6gedcomShNtB7_12GEDCOMSource5liness_0B7_
FNDA:0,_RNvXs3_CscmLdlanZRvV_6gedcomShNtB5_12GEDCOMSource7span_of
FNDA:0,_RNvXs3_CscmLdlanZRvV_6gedcomShNtB5_12GEDCOMSource11starts_with
FNDA:0,_RNvXs3_CscmLdlanZRvV_6gedcomShNtB5_12GEDCOMSource9ends_with
FNDA:0,_RNvXs3_CscmLdlanZRvV_6gedcomShNtB5_12GEDCOMSource8is_empty
FNDA:0,_RNvXs3_CscmLdlanZRvV_6gedcomShNtB5_12GEDCOMSource10slice_from
FNDA:0,_RNvXs4_CscmLdlanZRvV_6gedcomNtB5_12ParseOptionsNtNtCsalHcryTVEJB_4core7default7Default7default
FNDA:0,_RNvCscmLdlanZRvV_6gedcom13iterate_lines
FNDA:0,_RINvCscmLdlanZRvV_6gedcom17iterate_lines_rawpEB2_
FNDA:0,_RNCINvCscmLdlanZRvV_6gedcom17iterate_lines_rawpE0B4_
FNDA:0,_RNCINvCscmLdlanZRvV_6gedcom17iterate_lines_rawpEs_0B4_
FNDA:0,_RNCNCINvCscmLdlanZRvV_6gedcom17iterate_lines_rawpEs_00B6_
FNDA:0,_RNCNCNCINvCscmLdlanZRvV_6gedcom17iterate_lines_rawpEs_000B8_
FNDA:0,_RNCNCNCINvCscmLdlanZRvV_6gedcom17iterate_lines_rawpEs_00s_0B8_
FNDA:0,_RNCNCNCINvCscmLdlanZRvV_6gedcom17iterate_lines_rawpEs_00s0_0B8_
FNDA:0,_RNCNCNCINvCscmLdlanZRvV_6gedcom17iterate_lines_rawpEs_00s1_0B8_
FNDA:0,_RNCNCNCINvCscmLdlanZRvV_6gedcom17iterate_lines_rawpEs_00s2_0B8_
FNDA:0,_RNCNCNCINvCscmLdlanZRvV_6gedcom17iterate_lines_rawpEs_00s3_0B8_
FNDA:0,_RNCNCNCINvCscmLdlanZRvV_6gedcom17iterate_lines_rawpEs_00s4_0B8_
FNDA:0,_RNvMs5_CscmLdlanZRvV_6gedcomINtB5_11ParseResultpNtNtCsalHcryTVEJB_4core7convert10InfallibleE10only_earlyB5_
FNDA:0,_RNvMs6_CscmLdlanZRvV_6gedcomINtB5_11ParseResultNtNtCsalHcryTVEJB_4core7convert10InfalliblepE13only_completeB5_
FNDA:0,_RNvXs7_CscmLdlanZRvV_6gedcomNtB5_3TagINtNtCsalHcryTVEJB_4core7convert7TryFromReE8try_from
FNDA:0,_RNvMs8_CscmLdlanZRvV_6gedcomINtB5_9CollectorpE3newB5_
FNDA:0,_RNvXINICscmLdlanZRvV_6gedcoms9_0pEINtB5_9CollectorpEINtB5_4SinkpE7consumeB5_
FNDA:0,_RNvXINICscmLdlanZRvV_6gedcoms9_0pEINtB5_9CollectorpEINtB5_4SinkpE8completeB5_
FNDA:0,_RNvXINICscmLdlanZRvV_6gedcomsa_0pENtB5_8NullSinkINtB5_4SinkpE7consumeB5_
FNDA:0,_RNvXINICscmLdlanZRvV_6gedcomsa_0pENtB5_8NullSinkINtB5_4SinkpE8completeB5_
FNDA:0,_RNvMsb_CscmLdlanZRvV_6gedcomINtB5_7CounterpE3newB5_
FNDA:0,_RNvXINICscmLdlanZRvV_6gedcomsc_0ppEINtB5_7CounterpEINtB5_4SinkpE7consumeB5_
FNDA:0,_RNvXINICscmLdlanZRvV_6gedcomsc_0ppEINtB5_7CounterpEINtB5_4SinkpE8completeB5_
FNDA:0,_RNvMsd_CscmLdlanZRvV_6gedcomINtB5_7SourcedpE6as_refB5_
FNDA:0,_RINvMsd_CscmLdlanZRvV_6gedcomINtB6_7SourcedpE3mapppEB6_
FNDA:0,_RNvXINICscmLdlanZRvV_6gedcomse_0pEINtB5_7SourcedpENtNtNtCsalHcryTVEJB_4core3ops5deref5Deref5derefB5_
FNDA:0,_RINvMsf_CscmLdlanZRvV_6gedcomINtB6_9RawRecordpE12get_data_optpppEB6_
FNDA:0,_RNCINvMsf_CscmLdlanZRvV_6gedcomINtB8_9RawRecordpE12get_data_optpppE0B8_
FNDA:0,_RINvMsf_CscmLdlanZRvV_6gedcomINtB6_9RawRecordpE8get_datapppEB6_
FNDA:0,_RNCINvMsf_CscmLdlanZRvV_6gedcomINtB8_9RawRecordpE8get_datapppE0B8_
FNDA:0,_RNvMsf_CscmLdlanZRvV_6gedcomINtB5_9RawRecordpE17get_subrecord_optB5_
FNDA:0,_RNCNvMsf_CscmLdlanZRvV_6gedcomINtB7_9RawRecordpE17get_subrecord_opt0B7_
FNDA:0,_RNvMsf_CscmLdlanZRvV_6gedcomINtB5_9RawRecordpE13get_subrecordB5_
FNDA:0,_RNCNvMsf_CscmLdlanZRvV_6gedcomINtB7_9RawRecordpE13get_subrecord0B7_
FNDA:0,_RNvMsf_CscmLdlanZRvV_6gedcomINtB5_9RawRecordpE18get_subrecords_optB5_
FNDA:0,_RNCNvMsf_CscmLdlanZRvV_6gedcomINtB7_9RawRecordpE18get_subrecords_opt0B7_
FNDA:0,_RNvMsf_CscmLdlanZRvV_6gedcomINtB5_9RawRecordpE14get_subrecordsB5_
FNDA:0,_RNCNvMsf_CscmLdlanZRvV_6gedcomINtB7_9RawRecordpE14get_subrecords0B7_
FNDA:0,_RNCNvMsf_CscmLdlanZRvV_6gedcomINtB7_9RawRecordpE14get_subrecordss_0B7_
FNDA:0,_RNvMsg_CscmLdlanZRvV_6gedcomINtB5_7SourcedINtB5_9RawRecordpEE13get_subrecordB5_
FNDA:0,_RNvMsg_CscmLdlanZRvV_6gedcomINtB5_7SourcedINtB5_9RawRecordpEE14get_subrecordsB5_
FNDA:0,_RINvCscmLdlanZRvV_6gedcom10build_treepEB2_
FNDA:0,_RNvMNvCscmLdlanZRvV_6gedcom10build_treeINtB2_1IpE9pop_levelB4_
FNDA:0,_RNvMNvCscmLdlanZRvV_6gedcom10build_treeINtB2_1IpE7consumeB4_
FNDA:0,_RNvXININvCscmLdlanZRvV_6gedcom10build_trees_0pEINtB5_1IpENtNtNtNtCsalHcryTVEJB_4core4iter6traits8iterator8Iterator4nextB7_
FNDA:0,_RNvMsh_CscmLdlanZRvV_6gedcomINtB5_9RawRecordpE3newB5_
FNDA:0,_RNvMsi_CscmLdlanZRvV_6gedcomINtB5_17RecordTreeBuilderpppE3newB5_
FNDA:0,_RNvMsi_CscmLdlanZRvV_6gedcomINtB5_17RecordTreeBuilderpppE9pop_childB5_
FNDA:0,_RNvMsi_CscmLdlanZRvV_6gedcomINtB5_17RecordTreeBuilderpppE9pop_belowB5_
FNDA:0,_RNvXINICscmLdlanZRvV_6gedcomsj_0pppEINtB5_17RecordTreeBuilderpppEINtB5_4SinkTINtB5_7SourcedjEIB1e_INtB5_7RawLinepEEEE7consumeB5_
FNDA:0,_RNvXINICscmLdlanZRvV_6gedcomsj_0pppEINtB5_17RecordTreeBuilderpppEINtB5_4SinkTINtB5_7SourcedjEIB1e_INtB5_7RawLinepEEEE8completeB5_
FNDA:0,_RNvCscmLdlanZRvV_6gedcom15validate_syntax
FNDA:0,_RNCNvCscmLdlanZRvV_6gedcom15validate_syntax0B3_
FNDA:0,_RNvMsk_CscmLdlanZRvV_6gedcomNtB5_16FileFormatParser3new
FNDA:0,_RNvXs17_CscmLdlanZRvV_6gedcomNtB6_11SchemaErrorNtNtCsalHcryTVEJB_4core5error5Error6source
FNDA:0,_RNvXs18_CscmLdlanZRvV_6gedcomNtB6_11SchemaErrorNtNtCsalHcryTVEJB_4core3fmt7Display3fmt
FNDA:0,_RNvXs19_CscmLdlanZRvV_6gedcomNtB6_11SchemaErrorINtNtCsalHcryTVEJB_4core7convert4FromNtNtB6_9encodings9DataErrorE4from
FNDA:0,_RNvXs1b_CscmLdlanZRvV_6gedcomNtB6_11SchemaErrorNtNtCsiy8hXAumaA3_6miette8protocol10Diagnostic4code
FNDA:0,_RNvXs1b_CscmLdlanZRvV_6gedcomNtB6_11SchemaErrorNtNtCsiy8hXAumaA3_6miette8protocol10Diagnostic4help
FNDA:0,_RNvXs1b_CscmLdlanZRvV_6gedcomNtB6_11SchemaErrorNtNtCsiy8hXAumaA3_6miette8protocol10Diagnostic8severity
FNDA:0,_RNvXs1b_CscmLdlanZRvV_6gedcomNtB6_11SchemaErrorNtNtCsiy8hXAumaA3_6miette8protocol10Diagnostic6labels
FNDA:0,_RNCNvXs1b_CscmLdlanZRvV_6gedcomNtB8_11SchemaErrorNtNtCsiy8hXAumaA3_6miette8protocol10Diagnostic6labels0B8_
FNDA:0,_RNCNvXs1b_CscmLdlanZRvV_6gedcomNtB8_11SchemaErrorNtNtCsiy8hXAumaA3_6miette8protocol10Diagnostic6labelss_0B8_
FNDA:0,_RNCNvXs1b_CscmLdlanZRvV_6gedcomNtB8_11SchemaErrorNtNtCsiy8hXAumaA3_6miette8protocol10Diagnostic6labelss0_0B8_
FNDA:0,_RNCNvXs1b_CscmLdlanZRvV_6gedcomNtB8_11SchemaErrorNtNtCsiy8hXAumaA3_6miette8protocol10Diagnostic6labelss1_0B8_
FNDA:0,_RNCNvXs1b_CscmLdlanZRvV_6gedcomNtB8_11SchemaErrorNtNtCsiy8hXAumaA3_6miette8protocol10Diagnostic6labelss2_0B8_
FNDA:0,_RNCNvXs1b_CscmLdlanZRvV_6gedcomNtB8_11SchemaErrorNtNtCsiy8hXAumaA3_6miette8protocol10Diagnostic6labelss3_0B8_
FNDA:0,_RNCNvXs1b_CscmLdlanZRvV_6gedcomNtB8_11SchemaErrorNtNtCsiy8hXAumaA3_6miette8protocol10Diagnostic6labelss4_0B8_
FNDA:0,_RNvXs1b_CscmLdlanZRvV_6gedcomNtB6_11SchemaErrorNtNtCsiy8hXAumaA3_6miette8protocol10Diagnostic11source_code
FNDA:0,_RNvXs1b_CscmLdlanZRvV_6gedcomNtB6_11SchemaErrorNtNtCsiy8hXAumaA3_6miette8protocol10Diagnostic7related
FNDA:0,_RNvXs1b_CscmLdlanZRvV_6gedcomNtB6_11SchemaErrorNtNtCsiy8hXAumaA3_6miette8protocol10Diagnostic3url
FNDA:0,_RNvXs1b_CscmLdlanZRvV_6gedcomNtB6_11SchemaErrorNtNtCsiy8hXAumaA3_6miette8protocol10Diagnostic17diagnostic_source
FNDA:28,_RINvCs94xiAUca6ke_6gedcom10build_treeINtNtNtCs5hBMTNmLnRE_5alloc3vec9into_iter8IntoIterTINtB2_7SourcedjEIB1p_INtB2_7RawLineeEEEEECsitNhyB3gKic_5tests
FNDA:8852,_RNCINvCs94xiAUca6ke_6gedcom17iterate_lines_raweE0CsitNhyB3gKic_5tests
FNDA:15540,_RNCINvCs94xiAUca6ke_6gedcom17iterate_lines_raweEs_0CsitNhyB3gKic_5tests
FNDA:9937,_RNCNCINvCs94xiAUca6ke_6gedcom17iterate_lines_raweEs_00CsitNhyB3gKic_5tests
FNDA:0,_RNCNCNCINvCs94xiAUca6ke_6gedcom17iterate_lines_raweEs_000CsitNhyB3gKic_5tests
FNDA:9935,_RNCNCNCINvCs94xiAUca6ke_6gedcom17iterate_lines_raweEs_00s0_0CsitNhyB3gKic_5tests
FNDA:2,_RNCNCNCINvCs94xiAUca6ke_6gedcom17iterate_lines_raweEs_00s1_0CsitNhyB3gKic_5tests
FNDA:0,_RNCNCNCINvCs94xiAUca6ke_6gedcom17iterate_lines_raweEs_00s2_0CsitNhyB3gKic_5tests
FNDA:39442,_RNCNCNCINvCs94xiAUca6ke_6gedcom17iterate_lines_raweEs_00s3_0CsitNhyB3gKic_5tests
FNDA:8580,_RNCNCNCINvCs94xiAUca6ke_6gedcom17iterate_lines_raweEs_00s4_0CsitNhyB3gKic_5tests
FNDA:1,_RNCNCNCINvCs94xiAUca6ke_6gedcom17iterate_lines_raweEs_00s_0CsitNhyB3gKic_5tests
FNDA:310015,_RNCNvXs2_Cs94xiAUca6ke_6gedcomeNtB7_12GEDCOMSource5lines0CsitNhyB3gKic_5tests
FNDA:15540,_RNCNvXs2_Cs94xiAUca6ke_6gedcomeNtB7_12GEDCOMSource5liness_0CsitNhyB3gKic_5tests
FNDA:9932,_RNvMNvCs94xiAUca6ke_6gedcom10build_treeINtB2_1IINtNtNtCs5hBMTNmLnRE_5alloc3vec9into_iter8IntoIterTINtB4_7SourcedjEIB1z_INtB4_7RawLineeEEEEE7consumeCsitNhyB3gKic_5tests
FNDA:9984,_RNvMNvCs94xiAUca6ke_6gedcom10build_treeINtB2_1IINtNtNtCs5hBMTNmLnRE_5alloc3vec9into_iter8IntoIterTINtB4_7SourcedjEIB1z_INtB4_7RawLineeEEEEE9pop_levelCsitNhyB3gKic_5tests
FNDA:9930,_RNvMsh_Cs94xiAUca6ke_6gedcomNtB5_9RawRecord3newCsitNhyB3gKic_5tests
FNDA:347,_RNvXs_NvCs94xiAUca6ke_6gedcom10build_treeINtB4_1IINtNtNtCs5hBMTNmLnRE_5alloc3vec9into_iter8IntoIterTINtB6_7SourcedjEIB1B_INtB6_7RawLineeEEEEENtNtNtNtCsalHcryTVEJB_4core4iter6traits8iterator8Iterator4nextCsitNhyB3gKic_5tests
FNDA:29787,_RNvXse_Cs94xiAUca6ke_6gedcomINtB5_7SourcedINtB5_7RawLineeEENtNtNtCsalHcryTVEJB_4core3ops5deref5Deref5derefCsitNhyB3gKic_5tests
FNDA:9929,_RNvXse_Cs94xiAUca6ke_6gedcomINtB5_7SourcedRNtNtCsbcyttY3WPus_5ascii9ascii_str8AsciiStrENtNtNtCsalHcryTVEJB_4core3ops5deref5Deref5derefCsitNhyB3gKic_5tests
FNDA:0,_RNvXCs94xiAUca6ke_6gedcomNtB2_11GedcomErrorINtNtCsalHcryTVEJB_4core7convert4FromNtBI_10InfallibleE4from
FNDA:22,_RNvXs_Cs94xiAUca6ke_6gedcomNtB4_17SupportedEncodingNtNtCsalHcryTVEJB_4core3fmt7Display3fmt
FNDA:39,_RNvMs0_Cs94xiAUca6ke_6gedcomNtB5_16DetectedEncoding6decode
FNDA:3,_RNvMs1_Cs94xiAUca6ke_6gedcomNtB5_8AnselErr6offset
FNDA:8,_RNvCs94xiAUca6ke_6gedcom12decode_ansel
FNDA:58,_RNvCs94xiAUca6ke_6gedcom20detect_file_encoding
FNDA:0,_RNvCs94xiAUca6ke_6gedcom24detect_file_encoding_opt
FNDA:44,_RNvCs94xiAUca6ke_6gedcom20encoding_from_gedcom
FNDA:15540,_RNvXs2_Cs94xiAUca6ke_6gedcomeNtB5_12GEDCOMSource6splitn
FNDA:32,_RNvXs2_Cs94xiAUca6ke_6gedcomeNtB5_12GEDCOMSource5lines
FNDA:47238,_RNvXs2_Cs94xiAUca6ke_6gedcomeNtB5_12GEDCOMSource7span_of
FNDA:9935,_RNvXs2_Cs94xiAUca6ke_6gedcomeNtB5_12GEDCOMSource11starts_with
FNDA:31353,_RNvXs2_Cs94xiAUca6ke_6gedcomeNtB5_12GEDCOMSource9ends_with
FNDA:15540,_RNvXs2_Cs94xiAUca6ke_6gedcomeNtB5_12GEDCOMSource8is_empty
FNDA:8580,_RNvXs2_Cs94xiAUca6ke_6gedcomeNtB5_12GEDCOMSource10slice_from
FNDA:2623,_RNvXs3_Cs94xiAUca6ke_6gedcomShNtB5_12GEDCOMSource6splitn
FNDA:45,_RNvXs3_Cs94xiAUca6ke_6gedcomShNtB5_12GEDCOMSource5lines
FNDA:6454,_RNvXs3_Cs94xiAUca6ke_6gedcomShNtB5_12GEDCOMSource7span_of
FNDA:1363,_RNvXs3_Cs94xiAUca6ke_6gedcomShNtB5_12GEDCOMSource11starts_with
FNDA:5262,_RNvXs3_Cs94xiAUca6ke_6gedcomShNtB5_12GEDCOMSource9ends_with
FNDA:2623,_RNvXs3_Cs94xiAUca6ke_6gedcomShNtB5_12GEDCOMSource8is_empty
FNDA:1174,_RNvXs3_Cs94xiAUca6ke_6gedcomShNtB5_12GEDCOMSource10slice_from
FNDA:0,_RNvXs4_Cs94xiAUca6ke_6gedcomNtB5_12ParseOptionsNtNtCsalHcryTVEJB_4core7default7Default7default
FNDA:40,_RNvCs94xiAUca6ke_6gedcom13iterate_lines
FNDA:0,_RNvXs7_Cs94xiAUca6ke_6gedcomNtB5_3TagINtNtCsalHcryTVEJB_4core7convert7TryFromReE8try_from
FNDA:1,_RNvCs94xiAUca6ke_6gedcom15validate_syntax
FNDA:0,_RNvXsl_Cs94xiAUca6ke_6gedcomNtB5_11GedcomErrorNtNtCsalHcryTVEJB_4core5error5Error6source
FNDA:0,_RNvXsm_Cs94xiAUca6ke_6gedcomNtB5_11GedcomErrorNtNtCsalHcryTVEJB_4core3fmt7Display3fmt
FNDA:0,_RNvXsn_Cs94xiAUca6ke_6gedcomNtB5_11GedcomErrorINtNtCsalHcryTVEJB_4core7convert4FromNtB5_15LineSyntaxErrorE4from
FNDA:0,_RNvXso_Cs94xiAUca6ke_6gedcomNtB5_11GedcomErrorINtNtCsalHcryTVEJB_4core7convert4FromNtB5_18LineStructureErrorE4from
FNDA:0,_RNvXsp_Cs94xiAUca6ke_6gedcomNtB5_11GedcomErrorINtNtCsalHcryTVEJB_4core7convert4FromNtB5_11SchemaErrorE4from
FNDA:0,_RNvXsr_Cs94xiAUca6ke_6gedcomNtB5_11GedcomErrorNtNtCsiy8hXAumaA3_6miette8protocol10Diagnostic4code
FNDA:0,_RNvXsr_Cs94xiAUca6ke_6gedcomNtB5_11GedcomErrorNtNtCsiy8hXAumaA3_6miette8protocol10Diagnostic4help
FNDA:0,_RNvXsr_Cs94xiAUca6ke_6gedcomNtB5_11GedcomErrorNtNtCsiy8hXAumaA3_6miette8protocol10Diagnostic8severity
FNDA:0,_RNvXsr_Cs94xiAUca6ke_6gedcomNtB5_11GedcomErrorNtNtCsiy8hXAumaA3_6miette8protocol10Diagnostic6labels
FNDA:0,_RNvXsr_Cs94xiAUca6ke_6gedcomNtB5_11GedcomErrorNtNtCsiy8hXAumaA3_6miette8protocol10Diagnostic11source_code
FNDA:0,_RNvXsr_Cs94xiAUca6ke_6gedcomNtB5_11GedcomErrorNtNtCsiy8hXAumaA3_6miette8protocol10Diagnostic7related
FNDA:0,_RNvXsr_Cs94xiAUca6ke_6gedcomNtB5_11GedcomErrorNtNtCsiy8hXAumaA3_6miette8protocol10Diagnostic3url
FNDA:0,_RNvXsr_Cs94xiAUca6ke_6gedcomNtB5_11GedcomErrorNtNtCsiy8hXAumaA3_6miette8protocol10Diagnostic17diagnostic_source
FNDA:0,_RNvXst_Cs94xiAUca6ke_6gedcomNtB5_15ValidationErrorNtNtCsalHcryTVEJB_4core3fmt7Display3fmt
FNDA:0,_RNvXsv_Cs94xiAUca6ke_6gedcomNtB5_15ValidationErrorNtNtCsiy8hXAumaA3_6miette8protocol10Diagnostic7related
FNDA:4,_RNvXsw_Cs94xiAUca6ke_6gedcomNtB5_15LineSyntaxErrorNtNtCsalHcryTVEJB_4core5error5Error6source
FNDA:4,_RNvXsx_Cs94xiAUca6ke_6gedcomNtB5_15LineSyntaxErrorNtNtCsalHcryTVEJB_4core3fmt7Display3fmt
FNDA:4,_RNvXsz_Cs94xiAUca6ke_6gedcomNtB5_15LineSyntaxErrorNtNtCsiy8hXAumaA3_6miette8protocol10Diagnostic4code
FNDA:4,_RNvXsz_Cs94xiAUca6ke_6gedcomNtB5_15LineSyntaxErrorNtNtCsiy8hXAumaA3_6miette8protocol10Diagnostic4help
FNDA:4,_RNvXsz_Cs94xiAUca6ke_6gedcomNtB5_15LineSyntaxErrorNtNtCsiy8hXAumaA3_6miette8protocol10Diagnostic6labels
FNDA:2,_RNvXsB_Cs94xiAUca6ke_6gedcomNtB5_18LineStructureErrorNtNtCsalHcryTVEJB_4core3fmt7Display3fmt
FNDA:2,_RNvXsD_Cs94xiAUca6ke_6gedcomNtB5_18LineStructureErrorNtNtCsiy8hXAumaA3_6miette8protocol10Diagnostic4code
FNDA:2,_RNvXsD_Cs94xiAUca6ke_6gedcomNtB5_18LineStructureErrorNtNtCsiy8hXAumaA3_6miette8protocol10Diagnostic6labels
FNDA:3,_RNvXsM_Cs94xiAUca6ke_6gedcomNtB5_8AnselErrNtNtCsalHcryTVEJB_4core3fmt7Display3fmt
FNDA:22,_RNvXsR_Cs94xiAUca6ke_6gedcomNtB5_14EncodingReasonNtNtCsalHcryTVEJB_4core3fmt7Display3fmt
FNDA:7,_RNvXsT_Cs94xiAUca6ke_6gedcomNtB5_14EncodingReasonNtNtCsiy8hXAumaA3_6miette8protocol10Diagnostic4code
FNDA:21,_RNvXsT_Cs94xiAUca6ke_6gedcomNtB5_14EncodingReasonNtNtCsiy8hXAumaA3_6miette8protocol10Diagnostic8severity
FNDA:7,_RNvXsT_Cs94xiAUca6ke_6gedcomNtB5_14EncodingReasonNtNtCsiy8hXAumaA3_6miette8protocol10Diagnostic6labels
FNDA:8,_RNvXsW_Cs94xiAUca6ke_6gedcomNtB5_13EncodingErrorNtNtCsalHcryTVEJB_4core5error5Error6source
FNDA:11,_RNvXsX_Cs94xiAUca6ke_6gedcomNtB5_13EncodingErrorNtNtCsalHcryTVEJB_4core3fmt7Display3fmt
FNDA:8,_RNvXsZ_Cs94xiAUca6ke_6gedcomNtB5_13EncodingErrorNtNtCsiy8hXAumaA3_6miette8protocol10Diagnostic4code
FNDA:8,_RNvXsZ_Cs94xiAUca6ke_6gedcomNtB5_13EncodingErrorNtNtCsiy8hXAumaA3_6miette8protocol10Diagnostic4help
FNDA:8,_RNvXsZ_Cs94xiAUca6ke_6gedcomNtB5_13EncodingErrorNtNtCsiy8hXAumaA3_6miette8protocol10Diagnostic6labels
FNDA:8,_RNvXsZ_Cs94xiAUca6ke_6gedcomNtB5_13EncodingErrorNtNtCsiy8hXAumaA3_6miette8protocol10Diagnostic7related
FNDA:0,_RNvXs17_Cs94xiAUca6ke_6gedcomNtB6_11SchemaErrorNtNtCsalHcryTVEJB_4core5error5Error6source
FNDA:0,_RNvXs18_Cs94xiAUca6ke_6gedcomNtB6_11SchemaErrorNtNtCsalHcryTVEJB_4core3fmt7Display3fmt
FNDA:0,_RNvXs19_Cs94xiAUca6ke_6gedcomNtB6_11SchemaErrorINtNtCsalHcryTVEJB_4core7convert4FromNtNtB6_9encodings9DataErrorE4from
FNDA:0,_RNvXs1b_Cs94xiAUca6ke_6gedcomNtB6_11SchemaErrorNtNtCsiy8hXAumaA3_6miette8protocol10Diagnostic4code
FNDA:0,_RNvXs1b_Cs94xiAUca6ke_6gedcomNtB6_11SchemaErrorNtNtCsiy8hXAumaA3_6miette8protocol10Diagnostic4help
FNDA:0,_RNvXs1b_Cs94xiAUca6ke_6gedcomNtB6_11SchemaErrorNtNtCsiy8hXAumaA3_6miette8protocol10Diagnostic8severity
FNDA:0,_RNvXs1b_Cs94xiAUca6ke_6gedcomNtB6_11SchemaErrorNtNtCsiy8hXAumaA3_6miette8protocol10Diagnostic6labels
FNDA:0,_RNvXs1b_Cs94xiAUca6ke_6gedcomNtB6_11SchemaErrorNtNtCsiy8hXAumaA3_6miette8protocol10Diagnostic11source_code
FNDA:0,_RNvXs1b_Cs94xiAUca6ke_6gedcomNtB6_11SchemaErrorNtNtCsiy8hXAumaA3_6miette8protocol10Diagnostic7related
FNDA:0,_RNvXs1b_Cs94xiAUca6ke_6gedcomNtB6_11SchemaErrorNtNtCsiy8hXAumaA3_6miette8protocol10Diagnostic3url
FNDA:0,_RNvXs1b_Cs94xiAUca6ke_6gedcomNtB6_11SchemaErrorNtNtCsiy8hXAumaA3_6miette8protocol10Diagnostic17diagnostic_source
FNDA:1,_RNCNvMs0_Cs94xiAUca6ke_6gedcomNtB7_16DetectedEncoding6decode0B7_
FNDA:3,_RNCNvMs0_Cs94xiAUca6ke_6gedcomNtB7_16DetectedEncoding6decodes_0B7_
FNDA:3,_RNCNvMs0_Cs94xiAUca6ke_6gedcomNtB7_16DetectedEncoding6decodes0_0B7_
FNDA:15402,_RNCNvXs3_Cs94xiAUca6ke_6gedcomShNtB7_12GEDCOMSource6splitn0B7_
FNDA:37129,_RNCNvXs3_Cs94xiAUca6ke_6gedcomShNtB7_12GEDCOMSource5lines0B7_
FNDA:2623,_RNCNvXs3_Cs94xiAUca6ke_6gedcomShNtB7_12GEDCOMSource5liness_0B7_
FNDA:45,_RINvCs94xiAUca6ke_6gedcom17iterate_lines_rawShEB2_
FNDA:32,_RINvCs94xiAUca6ke_6gedcom17iterate_lines_raweEB2_
FNDA:1190,_RNCINvCs94xiAUca6ke_6gedcom17iterate_lines_rawShE0B4_
FNDA:2623,_RNCINvCs94xiAUca6ke_6gedcom17iterate_lines_rawShEs_0B4_
FNDA:1364,_RNCNCINvCs94xiAUca6ke_6gedcom17iterate_lines_rawShEs_00B6_
FNDA:0,_RNCNCNCINvCs94xiAUca6ke_6gedcom17iterate_lines_rawShEs_000B8_
FNDA:0,_RNCNCNCINvCs94xiAUca6ke_6gedcom17iterate_lines_rawShEs_00s_0B8_
FNDA:1363,_RNCNCNCINvCs94xiAUca6ke_6gedcom17iterate_lines_rawShEs_00s0_0B8_
FNDA:2,_RNCNCNCINvCs94xiAUca6ke_6gedcom17iterate_lines_rawShEs_00s1_0B8_
FNDA:0,_RNCNCNCINvCs94xiAUca6ke_6gedcom17iterate_lines_rawShEs_00s2_0B8_
FNDA:5449,_RNCNCNCINvCs94xiAUca6ke_6gedcom17iterate_lines_rawShEs_00s3_0B8_
FNDA:1174,_RNCNCNCINvCs94xiAUca6ke_6gedcom17iterate_lines_rawShEs_00s4_0B8_
FNDA:208,_RNvXse_Cs94xiAUca6ke_6gedcomINtB5_7SourcedINtB5_7RawLineShEENtNtNtCsalHcryTVEJB_4core3ops5deref5Deref5derefB5_
FNDA:31,_RNvXse_Cs94xiAUca6ke_6gedcomINtB5_7SourcedRShENtNtNtCsalHcryTVEJB_4core3ops5deref5Deref5derefB5_
FNDA:1159,_RNCNvCs94xiAUca6ke_6gedcom15validate_syntax0B3_
FNDA:0,_RNCNvXsv_Cs94xiAUca6ke_6gedcomNtB7_15ValidationErrorNtNtCsiy8hXAumaA3_6miette8protocol10Diagnostic7related0B7_
FNDA:1,_RNCNvXsz_Cs94xiAUca6ke_6gedcomNtB7_15LineSyntaxErrorNtNtCsiy8hXAumaA3_6miette8protocol10Diagnostic6labels0B7_
FNDA:1,_RNCNvXsz_Cs94xiAUca6ke_6gedcomNtB7_15LineSyntaxErrorNtNtCsiy8hXAumaA3_6miette8protocol10Diagnostic6labelss_0B7_
FNDA:2,_RNCNvXsz_Cs94xiAUca6ke_6gedcomNtB7_15LineSyntaxErrorNtNtCsiy8hXAumaA3_6miette8protocol10Diagnostic6labelss0_0B7_
FNDA:0,_RNCNvXsz_Cs94xiAUca6ke_6gedcomNtB7_15LineSyntaxErrorNtNtCsiy8hXAumaA3_6miette8protocol10Diagnostic6labelss1_0B7_
FNDA:2,_RNCNvXsD_Cs94xiAUca6ke_6gedcomNtB7_18LineStructureErrorNtNtCsiy8hXAumaA3_6miette8protocol10Diagnostic6labels0B7_
FNDA:5,_RNCNvXsT_Cs94xiAUca6ke_6gedcomNtB7_14EncodingReasonNtNtCsiy8hXAumaA3_6miette8protocol10Diagnostic6labels0B7_
FNDA:1,_RNCNvXsT_Cs94xiAUca6ke_6gedcomNtB7_14EncodingReasonNtNtCsiy8hXAumaA3_6miette8protocol10Diagnostic6labelss_0B7_
FNDA:7,_RNCNvXsZ_Cs94xiAUca6ke_6gedcomNtB7_13EncodingErrorNtNtCsiy8hXAumaA3_6miette8protocol10Diagnostic7related0B7_
FNDA:1,_RNCNvXsZ_Cs94xiAUca6ke_6gedcomNtB7_13EncodingErrorNtNtCsiy8hXAumaA3_6miette8protocol10Diagnostic6labels0B7_
FNDA:7,_RNCNvXsZ_Cs94xiAUca6ke_6gedcomNtB7_13EncodingErrorNtNtCsiy8hXAumaA3_6miette8protocol10Diagnostic6labelss_0B7_
FNDA:0,_RNCNvXs1b_Cs94xiAUca6ke_6gedcomNtB8_11SchemaErrorNtNtCsiy8hXAumaA3_6miette8protocol10Diagnostic6labels0B8_
FNDA:0,_RNCNvXs1b_Cs94xiAUca6ke_6gedcomNtB8_11SchemaErrorNtNtCsiy8hXAumaA3_6miette8protocol10Diagnostic6labelss_0B8_
FNDA:0,_RNCNvXs1b_Cs94xiAUca6ke_6gedcomNtB8_11SchemaErrorNtNtCsiy8hXAumaA3_6miette8protocol10Diagnostic6labelss0_0B8_
FNDA:0,_RNCNvXs1b_Cs94xiAUca6ke_6gedcomNtB8_11SchemaErrorNtNtCsiy8hXAumaA3_6miette8protocol10Diagnostic6labelss1_0B8_
FNDA:0,_RNCNvXs1b_Cs94xiAUca6ke_6gedcomNtB8_11SchemaErrorNtNtCsiy8hXAumaA3_6miette8protocol10Diagnostic6labelss2_0B8_
FNDA:0,_RNCNvXs1b_Cs94xiAUca6ke_6gedcomNtB8_11SchemaErrorNtNtCsiy8hXAumaA3_6miette8protocol10Diagnostic6labelss3_0B8_
FNDA:0,_RNCNvXs1b_Cs94xiAUca6ke_6gedcomNtB8_11SchemaErrorNtNtCsiy8hXAumaA3_6miette8protocol10Diagnostic6labelss4_0B8_
FNDA:0,_RNCNvXs2_Cs94xiAUca6ke_6gedcomeNtB7_12GEDCOMSource5lines0B7_
FNDA:0,_RNCNvXs2_Cs94xiAUca6ke_6gedcomeNtB7_12GEDCOMSource5liness_0B7_
FNDA:0,_RNvMs5_Cs94xiAUca6ke_6gedcomINtB5_11ParseResultpNtNtCsalHcryTVEJB_4core7convert10InfallibleE10only_earlyB5_
FNDA:0,_RNvMs6_Cs94xiAUca6ke_6gedcomINtB5_11ParseResultNtNtCsalHcryTVEJB_4core7convert10InfalliblepE13only_completeB5_
FNDA:0,_RNvMs8_Cs94xiAUca6ke_6gedcomINtB5_9CollectorpE3newB5_
FNDA:0,_RNvXINICs94xiAUca6ke_6gedcoms9_0pEINtB5_9CollectorpEINtB5_4SinkpE7consumeB5_
FNDA:0,_RNvXINICs94xiAUca6ke_6gedcoms9_0pEINtB5_9CollectorpEINtB5_4SinkpE8completeB5_
FNDA:0,_RNvXINICs94xiAUca6ke_6gedcomsa_0pENtB5_8NullSinkINtB5_4SinkpE7consumeB5_
FNDA:0,_RNvXINICs94xiAUca6ke_6gedcomsa_0pENtB5_8NullSinkINtB5_4SinkpE8completeB5_
FNDA:0,_RNvMsb_Cs94xiAUca6ke_6gedcomINtB5_7CounterpE3newB5_
FNDA:0,_RNvXINICs94xiAUca6ke_6gedcomsc_0ppEINtB5_7CounterpEINtB5_4SinkpE7consumeB5_
FNDA:0,_RNvXINICs94xiAUca6ke_6gedcomsc_0ppEINtB5_7CounterpEINtB5_4SinkpE8completeB5_
FNDA:0,_RNvMsd_Cs94xiAUca6ke_6gedcomINtB5_7SourcedpE6as_refB5_
FNDA:0,_RINvMsd_Cs94xiAUca6ke_6gedcomINtB6_7SourcedpE3mapppEB6_
FNDA:0,_RINvMsf_Cs94xiAUca6ke_6gedcomINtB6_9RawRecordpE12get_data_optpppEB6_
FNDA:0,_RNCINvMsf_Cs94xiAUca6ke_6gedcomINtB8_9RawRecordpE12get_data_optpppE0B8_
FNDA:0,_RINvMsf_Cs94xiAUca6ke_6gedcomINtB6_9RawRecordpE8get_datapppEB6_
FNDA:0,_RNCINvMsf_Cs94xiAUca6ke_6gedcomINtB8_9RawRecordpE8get_datapppE0B8_
FNDA:0,_RNvMsf_Cs94xiAUca6ke_6gedcomINtB5_9RawRecordpE17get_subrecord_optB5_
FNDA:0,_RNCNvMsf_Cs94xiAUca6ke_6gedcomINtB7_9RawRecordpE17get_subrecord_opt0B7_
FNDA:0,_RNvMsf_Cs94xiAUca6ke_6gedcomINtB5_9RawRecordpE13get_subrecordB5_
FNDA:0,_RNCNvMsf_Cs94xiAUca6ke_6gedcomINtB7_9RawRecordpE13get_subrecord0B7_
FNDA:0,_RNvMsf_Cs94xiAUca6ke_6gedcomINtB5_9RawRecordpE18get_subrecords_optB5_
FNDA:0,_RNCNvMsf_Cs94xiAUca6ke_6gedcomINtB7_9RawRecordpE18get_subrecords_opt0B7_
FNDA:0,_RNvMsf_Cs94xiAUca6ke_6gedcomINtB5_9RawRecordpE14get_subrecordsB5_
FNDA:0,_RNCNvMsf_Cs94xiAUca6ke_6gedcomINtB7_9RawRecordpE14get_subrecords0B7_
FNDA:0,_RNCNvMsf_Cs94xiAUca6ke_6gedcomINtB7_9RawRecordpE14get_subrecordss_0B7_
FNDA:0,_RNvMsg_Cs94xiAUca6ke_6gedcomINtB5_7SourcedINtB5_9RawRecordpEE13get_subrecordB5_
FNDA:0,_RNvMsg_Cs94xiAUca6ke_6gedcomINtB5_7SourcedINtB5_9RawRecordpEE14get_subrecordsB5_
FNDA:0,_RINvCs94xiAUca6ke_6gedcom10build_treepEB2_
FNDA:0,_RNvMNvCs94xiAUca6ke_6gedcom10build_treeINtB2_1IpE9pop_levelB4_
FNDA:0,_RNvMNvCs94xiAUca6ke_6gedcom10build_treeINtB2_1IpE7consumeB4_
FNDA:0,_RNvXININvCs94xiAUca6ke_6gedcom10build_trees_0pEINtB5_1IpENtNtNtNtCsalHcryTVEJB_4core4iter6traits8iterator8Iterator4nextB7_
FNDA:0,_RNvMsh_Cs94xiAUca6ke_6gedcomINtB5_9RawRecordpE3newB5_
FNDA:0,_RNvMsi_Cs94xiAUca6ke_6gedcomINtB5_17RecordTreeBuilderpppE3newB5_
FNDA:0,_RNvMsi_Cs94xiAUca6ke_6gedcomINtB5_17RecordTreeBuilderpppE9pop_childB5_
FNDA:0,_RNvMsi_Cs94xiAUca6ke_6gedcomINtB5_17RecordTreeBuilderpppE9pop_belowB5_
FNDA:0,_RNvXINICs94xiAUca6ke_6gedcomsj_0pppEINtB5_17RecordTreeBuilderpppEINtB5_4SinkTINtB5_7SourcedjEIB1e_INtB5_7RawLinepEEEE7consumeB5_
FNDA:0,_RNvXINICs94xiAUca6ke_6gedcomsj_0pppEINtB5_17RecordTreeBuilderpppEINtB5_4SinkTINtB5_7SourcedjEIB1e_INtB5_7RawLinepEEEE8completeB5_
FNDA:0,_RNvMsk_Cs94xiAUca6ke_6gedcomNtB5_16FileFormatParser3new
FNF:100
FNH:55
DA:16,0
DA:31,0
DA:41,0
DA:42,0
DA:46,12
DA:90,4
DA:159,22
DA:160,22
DA:161,3
DA:162,7
DA:163,8
DA:164,2
DA:165,2
DA:168,22
DA:169,22
DA:179,39
DA:181,39
DA:182,4
DA:183,35
DA:186,39
DA:187,39
DA:188,39
DA:189,22
DA:190,22
DA:191,22
DA:192,1
DA:193,1
DA:194,1
DA:195,1
DA:196,1
DA:197,1
DA:198,1
DA:199,22
DA:200,21
DA:201,21
DA:203,8
DA:204,3
DA:205,3
DA:206,3
DA:207,3
DA:208,8
DA:210,5
DA:211,5
DA:212,3
DA:213,3
DA:214,3
DA:215,3
DA:216,3
DA:217,3
DA:218,3
DA:219,5
DA:220,2
DA:222,2
DA:223,2
DA:224,0
DA:225,0
DA:226,0
DA:227,0
DA:228,0
DA:229,0
DA:231,2
DA:235,2
DA:236,2
DA:237,0
DA:238,0
DA:239,0
DA:240,0
DA:241,0
DA:242,0
DA:244,2
DA:248,39
DA:251,3
DA:264,3
DA:265,3
DA:266,1
DA:267,1
DA:268,1
DA:270,3
DA:273,8
DA:274,8
DA:276,0
DA:277,8
DA:278,8
DA:279,8
DA:280,8
DA:281,8
DA:282,8
DA:285,6203
DA:286,6203
DA:287,6203
DA:288,6203
DA:289,6201
DA:290,6033
DA:291,6033
DA:292,6033
DA:293,6033
DA:294,6033
DA:295,2
DA:297,6203
DA:298,6203
DA:299,6203
DA:300,6203
DA:303,6203
DA:304,6037
DA:305,208
DA:306,211
DA:307,210
DA:308,208
DA:309,208
DA:310,208
DA:311,208
DA:312,208
DA:313,208
DA:314,208
DA:315,208
DA:316,208
DA:317,208
DA:318,208
DA:319,208
DA:320,208
DA:321,208
DA:322,208
DA:323,208
DA:324,208
DA:325,208
DA:326,208
DA:327,208
DA:328,208
DA:329,208
DA:330,208
DA:331,208
DA:332,208
DA:333,208
DA:334,0
DA:337,6037
DA:338,1
DA:339,1
DA:340,1
DA:341,6036
DA:342,6036
DA:343,6036
DA:345,166
DA:348,4
DA:349,4
DA:350,4
DA:351,4
DA:352,4
DA:353,4
DA:354,4
DA:355,4
DA:356,4
DA:357,4
DA:358,4
DA:359,4
DA:360,4
DA:361,4
DA:363,4
DA:364,4
DA:365,4
DA:366,4
DA:367,4
DA:368,4
DA:369,4
DA:370,4
DA:371,4
DA:372,4
DA:373,4
DA:374,4
DA:375,4
DA:377,4
DA:378,4
DA:379,5
DA:380,12
DA:381,4
DA:382,4
DA:383,4
DA:385,4
DA:386,4
DA:387,4
DA:388,4
DA:389,4
DA:390,0
DA:392,1
DA:393,1
DA:394,1
DA:395,1
DA:396,1
DA:400,165
DA:402,165
DA:403,0
DA:404,165
DA:407,6201
DA:408,6
DA:409,6
DA:410,6
DA:411,6
DA:412,1
DA:413,1
DA:414,1
DA:415,1
DA:416,0
DA:418,5
DA:419,1
DA:420,1
DA:421,1
DA:422,1
DA:423,4
DA:425,5
DA:428,5
DA:430,6195
DA:435,8
DA:437,35
DA:468,32
DA:543,58
DA:544,58
DA:545,58
DA:546,4
DA:547,4
DA:548,4
DA:549,4
DA:550,54
DA:551,2
DA:552,2
DA:553,2
DA:554,2
DA:555,52
DA:556,2
DA:557,2
DA:558,2
DA:559,2
DA:563,50
DA:564,2
DA:565,2
DA:566,2
DA:567,2
DA:568,48
DA:569,2
DA:570,2
DA:571,2
DA:572,2
DA:573,46
DA:576,44
DA:577,25
DA:578,5
DA:579,12
DA:580,6
DA:586,2
DA:587,2
DA:588,0
DA:589,0
DA:590,0
DA:591,0
DA:594,2
DA:598,23
DA:599,19
DA:600,11
DA:602,8
DA:607,2
DA:609,58
DA:638,0
DA:639,0
DA:640,0
DA:641,0
DA:642,0
DA:643,0
DA:644,0
DA:645,0
DA:646,0
DA:647,0
DA:649,0
DA:652,0
DA:654,0
DA:656,0
DA:658,44
DA:659,44
DA:660,44
DA:661,44
DA:662,44
DA:663,44
DA:664,44
DA:665,44
DA:666,44
DA:667,44
DA:668,44
DA:669,44
DA:670,206
DA:671,126
DA:672,42
DA:673,33
DA:674,33
DA:675,144
DA:676,135
DA:677,23
DA:678,23
DA:679,21
DA:680,21
DA:681,21
DA:682,21
DA:683,21
DA:684,21
DA:686,17
DA:687,8
DA:688,8
DA:689,8
DA:691,4
DA:692,4
DA:693,4
DA:694,4
DA:695,4
DA:696,4
DA:697,4
DA:699,9
DA:700,126
DA:701,112
DA:705,17
DA:706,44
DA:719,15540
DA:720,15540
DA:721,15540
DA:723,32
DA:724,32
DA:725,310015
DA:726,15540
DA:727,0
DA:728,0
DA:730,15540
DA:731,15540
DA:732,32
DA:734,47238
DA:735,47238
DA:736,47238
DA:737,47238
DA:738,47238
DA:739,47238
DA:741,9935
DA:742,9935
DA:743,9935
DA:745,31353
DA:746,31353
DA:747,31353
DA:749,15540
DA:750,15540
DA:751,15540
DA:753,8580
DA:754,8580
DA:755,8580
DA:759,2623
DA:760,15402
DA:761,2623
DA:763,45
DA:764,45
DA:765,37129
DA:766,2623
DA:767,0
DA:768,0
DA:770,2623
DA:771,2623
DA:772,45
DA:774,6454
DA:775,6454
DA:776,6454
DA:777,6454
DA:778,6454
DA:779,6454
DA:781,1363
DA:782,1363
DA:783,1363
DA:785,5262
DA:786,5262
DA:787,5262
DA:789,2623
DA:790,2623
DA:791,2623
DA:793,1174
DA:794,1174
DA:795,1174
DA:804,0
DA:805,0
DA:806,0
DA:807,0
DA:808,0
DA:809,0
DA:817,40
DA:818,40
DA:819,40
DA:820,40
DA:821,40
DA:822,40
DA:823,40
DA:824,40
DA:825,40
DA:826,20
DA:827,20
DA:828,0
DA:829,0
DA:830,0
DA:832,0
DA:835,0
DA:836,0
DA:837,0
DA:839,0
DA:843,1
DA:846,1
DA:847,0
DA:848,0
DA:849,0
DA:850,0
DA:852,6
DA:853,6
DA:854,6
DA:855,6
DA:856,6
DA:857,6
DA:859,0
DA:860,0
DA:862,13
DA:863,13
DA:864,13
DA:865,13
DA:866,13
DA:867,13
DA:869,0
DA:871,0
DA:872,1
DA:874,39
DA:875,23
DA:876,9
DA:877,9
DA:878,9
DA:881,40
DA:893,77
DA:894,77
DA:895,77
DA:896,10042
DA:897,10042
DA:898,10042
DA:899,10042
DA:901,18163
DA:902,18163
DA:903,18163
DA:905,18163
DA:906,18163
DA:907,0
DA:910,18163
DA:911,6862
DA:912,11301
DA:913,11301
DA:914,11301
DA:915,11301
DA:916,11301
DA:917,11301
DA:918,0
DA:919,0
DA:920,0
DA:921,11301
DA:922,11301
DA:924,11300
DA:925,11301
DA:926,11301
DA:927,11301
DA:928,1
DA:929,1
DA:930,1
DA:931,11301
DA:933,11300
DA:934,11300
DA:935,11300
DA:936,11300
DA:937,11300
DA:938,11300
DA:939,11300
DA:940,11300
DA:942,11300
DA:943,289
DA:944,289
DA:945,289
DA:946,1
DA:947,1
DA:948,1
DA:949,1
DA:950,288
DA:951,11011
DA:953,11299
DA:955,11299
DA:956,4
DA:957,11299
DA:960,11295
DA:961,0
DA:962,0
DA:963,0
DA:964,0
DA:965,11295
DA:967,44891
DA:968,44891
DA:969,43
DA:971,44848
DA:973,44891
DA:974,0
DA:975,0
DA:976,0
DA:977,11295
DA:978,11295
DA:979,11295
DA:980,11295
DA:981,11295
DA:982,11295
DA:983,11295
DA:984,11295
DA:985,9754
DA:986,9754
DA:987,9754
DA:988,9754
DA:989,9754
DA:990,9754
DA:991,11295
DA:992,11295
DA:993,11295
DA:994,11295
DA:995,11295
DA:996,11295
DA:997,11295
DA:998,11295
DA:999,11295
DA:1000,11301
DA:1001,11301
DA:1002,11301
DA:1003,18163
DA:1004,77
DA:1013,0
DA:1014,0
DA:1015,0
DA:1016,0
DA:1018,0
DA:1022,0
DA:1023,0
DA:1024,0
DA:1025,0
DA:1026,0
DA:1027,0
DA:1038,0
DA:1039,0
DA:1040,0
DA:1042,0
DA:1044,0
DA:1061,0
DA:1062,0
DA:1063,0
DA:1071,0
DA:1072,0
DA:1073,0
DA:1074,0
DA:1076,0
DA:1077,0
DA:1078,0
DA:1088,0
DA:1089,0
DA:1090,0
DA:1092,0
DA:1093,0
DA:1094,0
DA:1103,0
DA:1104,0
DA:1105,0
DA:1116,0
DA:1117,0
DA:1119,0
DA:1120,0
DA:1122,0
DA:1125,0
DA:1126,0
DA:1128,0
DA:1129,0
DA:1130,0
DA:1131,0
DA:1141,0
DA:1142,0
DA:1143,0
DA:1144,0
DA:1145,0
DA:1146,0
DA:1147,0
DA:1148,0
DA:1149,0
DA:1150,0
DA:1151,0
DA:1152,0
DA:1157,39955
DA:1158,39955
DA:1159,39955
DA:1172,0
DA:1173,0
DA:1174,0
DA:1175,0
DA:1176,0
DA:1177,0
DA:1178,0
DA:1179,0
DA:1180,0
DA:1181,0
DA:1182,0
DA:1183,0
DA:1184,0
DA:1186,0
DA:1187,0
DA:1188,0
DA:1189,0
DA:1191,0
DA:1193,0
DA:1195,0
DA:1196,0
DA:1197,0
DA:1198,0
DA:1199,0
DA:1200,0
DA:1201,0
DA:1202,0
DA:1203,0
DA:1204,0
DA:1205,0
DA:1206,0
DA:1208,0
DA:1209,0
DA:1210,0
DA:1211,0
DA:1212,0
DA:1214,0
DA:1215,0
DA:1216,0
DA:1217,0
DA:1218,0
DA:1219,0
DA:1220,0
DA:1221,0
DA:1222,0
DA:1223,0
DA:1224,0
DA:1225,0
DA:1226,0
DA:1227,0
DA:1228,0
DA:1229,0
DA:1230,0
DA:1231,0
DA:1232,0
DA:1234,0
DA:1235,0
DA:1236,0
DA:1237,0
DA:1238,0
DA:1239,0
DA:1240,0
DA:1241,0
DA:1242,0
DA:1243,0
DA:1244,0
DA:1246,0
DA:1247,0
DA:1248,0
DA:1249,0
DA:1250,0
DA:1251,0
DA:1252,0
DA:1253,0
DA:1254,0
DA:1255,0
DA:1256,0
DA:1257,0
DA:1258,0
DA:1259,0
DA:1260,0
DA:1261,0
DA:1262,0
DA:1263,0
DA:1264,0
DA:1265,0
DA:1266,0
DA:1270,0
DA:1271,0
DA:1272,0
DA:1273,0
DA:1274,0
DA:1275,0
DA:1276,0
DA:1277,0
DA:1278,0
DA:1279,0
DA:1280,0
DA:1281,0
DA:1282,0
DA:1283,0
DA:1284,0
DA:1285,0
DA:1287,0
DA:1288,0
DA:1289,0
DA:1290,0
DA:1291,0
DA:1292,0
DA:1293,0
DA:1294,0
DA:1295,0
DA:1296,0
DA:1297,0
DA:1298,0
DA:1299,0
DA:1302,28
DA:1303,28
DA:1304,28
DA:1305,28
DA:1306,28
DA:1307,28
DA:1308,28
DA:1309,28
DA:1310,28
DA:1311,9984
DA:1312,19594
DA:1313,9929
DA:1314,28
DA:1315,9929
DA:1316,28
DA:1317,28
DA:1318,2472
DA:1319,2472
DA:1320,2472
DA:1321,28
DA:1322,28
DA:1323,7457
DA:1324,28
DA:1325,28
DA:1326,9929
DA:1327,9929
DA:1328,9929
DA:1329,28
DA:1330,319
DA:1331,319
DA:1332,28
DA:1333,9610
DA:1334,9610
DA:1335,9610
DA:1336,28
DA:1337,28
DA:1338,28
DA:1339,9665
DA:1340,9984
DA:1341,28
DA:1342,9932
DA:1343,9932
DA:1344,9932
DA:1345,9932
DA:1346,9932
DA:1347,9932
DA:1348,9932
DA:1349,9932
DA:1350,28
DA:1351,2
DA:1352,2
DA:1353,2
DA:1354,2
DA:1355,9930
DA:1356,9930
DA:1357,9930
DA:1358,9930
DA:1359,9930
DA:1360,9932
DA:1361,28
DA:1362,28
DA:1363,28
DA:1364,28
DA:1365,28
DA:1366,28
DA:1367,28
DA:1368,28
DA:1369,347
DA:1370,9984
DA:1371,9932
DA:1372,295
DA:1373,9637
DA:1374,28
DA:1375,28
DA:1376,28
DA:1377,52
DA:1378,347
DA:1379,28
DA:1380,28
DA:1381,28
DA:1382,28
DA:1383,28
DA:1384,28
DA:1385,28
DA:1400,9930
DA:1401,9930
DA:1402,9930
DA:1403,9930
DA:1404,9930
DA:1405,9930
DA:1413,0
DA:1414,0
DA:1415,0
DA:1416,0
DA:1417,0
DA:1418,0
DA:1419,0
DA:1421,0
DA:1422,0
DA:1424,0
DA:1427,0
DA:1428,0
DA:1429,0
DA:1432,0
DA:1435,0
DA:1436,0
DA:1437,0
DA:1438,0
DA:1439,0
DA:1440,0
DA:1441,0
DA:1444,0
DA:1446,0
DA:1447,0
DA:1448,0
DA:1449,0
DA:1450,0
DA:1454,0
DA:1455,0
DA:1468,0
DA:1469,0
DA:1470,0
DA:1471,0
DA:1472,0
DA:1474,0
DA:1475,0
DA:1476,0
DA:1477,0
DA:1479,0
DA:1480,0
DA:1481,0
DA:1482,0
DA:1483,0
DA:1484,0
DA:1486,0
DA:1488,0
DA:1489,0
DA:1490,0
DA:1491,0
DA:1492,0
DA:1497,1
DA:1498,1
DA:1499,1159
DA:1501,1159
DA:1502,1159
DA:1504,0
DA:1505,1159
DA:1506,1
DA:1507,1
DA:1508,1
DA:1510,0
DA:1512,1
DA:1676,0
DA:1677,0
DA:1678,0
DA:1679,0
DA:1680,0
DA:1681,0
DA:1682,0
DA:1683,0
DA:1684,0
DA:1685,0
DA:1686,0
DA:1689,0
BRF:0
BRH:0
LF:964
LH:632
end_of_record
SF:C:\Users\porge\OneDrive\Documents\mdf\gedcom\src\v7\mod.rs
FN:149,_RNvXNtCscmLdlanZRvV_6gedcom2v7NtB2_11StandardTagINtNtCsalHcryTVEJB_4core7convert7TryFromReE8try_from
FN:149,_RNvXNtCs94xiAUca6ke_6gedcom2v7NtB2_11StandardTagINtNtCsalHcryTVEJB_4core7convert7TryFromReE8try_from
FNDA:0,_RNvXNtCscmLdlanZRvV_6gedcom2v7NtB2_11StandardTagINtNtCsalHcryTVEJB_4core7convert7TryFromReE8try_from
FNDA:0,_RNvXNtCs94xiAUca6ke_6gedcom2v7NtB2_11StandardTagINtNtCsalHcryTVEJB_4core7convert7TryFromReE8try_from
FNF:1
FNH:0
DA:149,0
DA:150,0
DA:151,0
DA:152,0
DA:153,0
DA:154,0
DA:155,0
DA:156,0
DA:157,0
DA:158,0
DA:159,0
DA:160,0
DA:161,0
DA:162,0
DA:163,0
DA:164,0
DA:165,0
DA:166,0
DA:167,0
DA:168,0
DA:169,0
DA:170,0
DA:171,0
DA:172,0
DA:173,0
DA:174,0
DA:175,0
DA:176,0
DA:177,0
DA:178,0
DA:179,0
DA:180,0
DA:181,0
DA:182,0
DA:183,0
DA:184,0
DA:185,0
DA:186,0
DA:187,0
DA:190,0
DA:191,0
BRF:0
BRH:0
LF:41
LH:0
end_of_record
SF:C:\Users\porge\OneDrive\Documents\mdf\gedcom\src\versions.rs
FN:10,_RNvXNtCscmLdlanZRvV_6gedcom8versionsNtB2_13GEDCOMVersionNtNtCsalHcryTVEJB_4core3fmt7Display3fmt
FN:18,_RNvXs6_NtCscmLdlanZRvV_6gedcom8versionsNtB5_25InvalidGEDCOMVersionErrorNtNtCsalHcryTVEJB_4core3fmt7Display3fmt
FN:22,_RNvNtCscmLdlanZRvV_6gedcom8versions24parse_gedcom_version_raw
FN:10,_RNvXNtCs94xiAUca6ke_6gedcom8versionsNtB2_13GEDCOMVersionNtNtCsalHcryTVEJB_4core3fmt7Display3fmt
FN:22,_RNvNtCs94xiAUca6ke_6gedcom8versions24parse_gedcom_version_raw
FN:18,_RNvXs6_NtCs94xiAUca6ke_6gedcom8versionsNtB5_25InvalidGEDCOMVersionErrorNtNtCsalHcryTVEJB_4core3fmt7Display3fmt
FNDA:0,_RNvXNtCscmLdlanZRvV_6gedcom8versionsNtB2_13GEDCOMVersionNtNtCsalHcryTVEJB_4core3fmt7Display3fmt
FNDA:0,_RNvXs6_NtCscmLdlanZRvV_6gedcom8versionsNtB5_25InvalidGEDCOMVersionErrorNtNtCsalHcryTVEJB_4core3fmt7Display3fmt
FNDA:0,_RNvNtCscmLdlanZRvV_6gedcom8versions24parse_gedcom_version_raw
FNDA:0,_RNvXNtCs94xiAUca6ke_6gedcom8versionsNtB2_13GEDCOMVersionNtNtCsalHcryTVEJB_4core3fmt7Display3fmt
FNDA:8,_RNvNtCs94xiAUca6ke_6gedcom8versions24parse_gedcom_version_raw
FNDA:0,_RNvXs6_NtCs94xiAUca6ke_6gedcom8versionsNtB5_25InvalidGEDCOMVersionErrorNtNtCsalHcryTVEJB_4core3fmt7Display3fmt
FNF:3
FNH:1
DA:10,0
DA:11,0
DA:12,0
DA:13,0
DA:15,0
DA:18,0
DA:22,8
DA:23,8
DA:25,4
DA:26,4
DA:28,4
DA:30,0
DA:32,8
BRF:0
BRH:0
LF:13
LH:6
end_of_record
SF:C:\Users\porge\OneDrive\Documents\mdf\mdf\src\main.rs
FN:19,_RNCNvXs6_CsdnCAKUon5lZ_3mdfNtB7_14GedcomCommandsNtNtCsclq4KTlMCjd_12clap_builder6derive14FromArgMatches20from_arg_matches_mut0B7_
FN:19,_RNCNvXs6_CsdnCAKUon5lZ_3mdfNtB7_14GedcomCommandsNtNtCsclq4KTlMCjd_12clap_builder6derive14FromArgMatches27update_from_arg_matches_mut0B7_
FN:22,_RNvCsdnCAKUon5lZ_3mdf4main
FN:25,_RNCNvCsdnCAKUon5lZ_3mdf4main0B3_
FN:41,_RNCNvCsdnCAKUon5lZ_3mdf4mains_0B3_
FN:44,_RNCNvCsdnCAKUon5lZ_3mdf4mains0_0B3_
FN:45,_RNCNvCsdnCAKUon5lZ_3mdf4mains1_0B3_
FNDA:0,_RNCNvXs6_CsdnCAKUon5lZ_3mdfNtB7_14GedcomCommandsNtNtCsclq4KTlMCjd_12clap_builder6derive14FromArgMatches20from_arg_matches_mut0B7_
FNDA:0,_RNCNvXs6_CsdnCAKUon5lZ_3mdfNtB7_14GedcomCommandsNtNtCsclq4KTlMCjd_12clap_builder6derive14FromArgMatches27update_from_arg_matches_mut0B7_
FNDA:0,_RNvCsdnCAKUon5lZ_3mdf4main
FNDA:0,_RNCNvCsdnCAKUon5lZ_3mdf4main0B3_
FNDA:0,_RNCNvCsdnCAKUon5lZ_3mdf4mains_0B3_
FNDA:0,_RNCNvCsdnCAKUon5lZ_3mdf4mains0_0B3_
FNDA:0,_RNCNvCsdnCAKUon5lZ_3mdf4mains1_0B3_
FNF:6
FNH:0
DA:19,0
DA:22,0
DA:23,0
DA:24,0
DA:25,0
DA:26,0
DA:27,0
DA:28,0
DA:29,0
DA:30,0
DA:31,0
DA:33,0
DA:34,0
DA:35,0
DA:36,0
DA:37,0
DA:39,0
DA:40,0
DA:41,0
DA:43,0
DA:44,0
DA:45,0
DA:46,0
DA:47,0
DA:48,0
DA:49,0
DA:51,0
DA:52,0
DA:53,0
DA:55,0
DA:56,0
DA:57,0
DA:60,0
DA:64,0
BRF:0
BRH:0
LF:40
LH:0
end_of_record